
**** Clean-only build of configuration MSP430G2553 for project EPD_Extension_Board ****

"c:\\ti\\ccsv6\\utils\\bin\\gmake" clean 
DEL /F  "EPD_Extension_Board.out"  "EPD_Extension_Board.hex" 
DEL /F "src\image_data.pp" "src\main.pp" "src\Pervasive_Displays_small_EPD\EPD_hardware_driver.pp" "src\Pervasive_Displays_small_EPD\EPD_interface.pp" "src\Pervasive_Displays_small_EPD\EPD_partial_interface.pp" "src\Pervasive_Displays_small_EPD\COG_FPL\G2_Aurora_Mb\EPD_G2_Aurora_Mb.pp" "src\Pervasive_Displays_small_EPD\COG_FPL\G2_Aurora_Ma\EPD_G2_Aurora_Ma.pp" "src\Pervasive_Displays_small_EPD\COG_FPL\G1_Aurora_Mb\EPD_G1_Aurora_Mb.pp" "src\EPD_Kit_Tool\Char.pp" "src\EPD_Kit_Tool\EPD_Kit_Tool_Process.pp" "src\EPD_Kit_Tool\Mem_Flash.pp" "src\EPD_Kit_Tool\Uart_Controller.pp" "src\EPD_Kit_Tool\Drivers\EPD_LED.pp" "src\EPD_Kit_Tool\Drivers\Uart_Driver.pp" 
DEL /F "src\image_data.obj" "src\main.obj" "src\Pervasive_Displays_small_EPD\EPD_hardware_driver.obj" "src\Pervasive_Displays_small_EPD\EPD_interface.obj" "src\Pervasive_Displays_small_EPD\EPD_partial_interface.obj" "src\Pervasive_Displays_small_EPD\COG_FPL\G2_Aurora_Mb\EPD_G2_Aurora_Mb.obj" "src\Pervasive_Displays_small_EPD\COG_FPL\G2_Aurora_Ma\EPD_G2_Aurora_Ma.obj" "src\Pervasive_Displays_small_EPD\COG_FPL\G1_Aurora_Mb\EPD_G1_Aurora_Mb.obj" "src\EPD_Kit_Tool\Char.obj" "src\EPD_Kit_Tool\EPD_Kit_Tool_Process.obj" "src\EPD_Kit_Tool\Mem_Flash.obj" "src\EPD_Kit_Tool\Uart_Controller.obj" "src\EPD_Kit_Tool\Drivers\EPD_LED.obj" "src\EPD_Kit_Tool\Drivers\Uart_Driver.obj" 
'Finished clean'
' '

**** Build Finished ****

**** Build of configuration MSP430G2553 for project EPD_Extension_Board ****

"c:\\ti\\ccsv6\\utils\\bin\\gmake" all 
'Building file: ../src/image_data.c'
'Invoking: MSP430 Compiler'
"c:/ti/ccsv6/tools/compiler/msp430_4.3.5/bin/cl430" -vmsp --abi=eabi -Ooff --opt_for_speed=1 --include_path="c:/ti/ccsv6/ccs_base/msp430/include" --include_path="c:/ti/ccsv6/tools/compiler/msp430_4.3.5/include" --include_path="D:/Ref.Designs/Extension board/1.44 - 2.7/Code/LaunchPad/EPD Extension Board v2.00 for MSP430 LaunchPad/EPD_Extension_Board/src/EPD_Kit_Tool/Drivers" --include_path="D:/Ref.Designs/Extension board/1.44 - 2.7/Code/LaunchPad/EPD Extension Board v2.00 for MSP430 LaunchPad/EPD_Extension_Board/src" --include_path="D:/Ref.Designs/Extension board/1.44 - 2.7/Code/LaunchPad/EPD Extension Board v2.00 for MSP430 LaunchPad/EPD_Extension_Board/src/EPD_Kit_Tool" --include_path="D:/Ref.Designs/Extension board/1.44 - 2.7/Code/LaunchPad/EPD Extension Board v2.00 for MSP430 LaunchPad/EPD_Extension_Board/src/Pervasive_Displays_small_EPD" -g --define=__MSP430G2553__ --diag_warning=225 --display_error_number --printf_support=minimal --preproc_with_compile --preproc_dependency="src/image_data.pp" --obj_directory="src"  "../src/image_data.c"
'Finished building: ../src/image_data.c'
' '
'Building file: ../src/main.c'
'Invoking: MSP430 Compiler'
"c:/ti/ccsv6/tools/compiler/msp430_4.3.5/bin/cl430" -vmsp --abi=eabi -Ooff --opt_for_speed=1 --include_path="c:/ti/ccsv6/ccs_base/msp430/include" --include_path="c:/ti/ccsv6/tools/compiler/msp430_4.3.5/include" --include_path="D:/Ref.Designs/Extension board/1.44 - 2.7/Code/LaunchPad/EPD Extension Board v2.00 for MSP430 LaunchPad/EPD_Extension_Board/src/EPD_Kit_Tool/Drivers" --include_path="D:/Ref.Designs/Extension board/1.44 - 2.7/Code/LaunchPad/EPD Extension Board v2.00 for MSP430 LaunchPad/EPD_Extension_Board/src" --include_path="D:/Ref.Designs/Extension board/1.44 - 2.7/Code/LaunchPad/EPD Extension Board v2.00 for MSP430 LaunchPad/EPD_Extension_Board/src/EPD_Kit_Tool" --include_path="D:/Ref.Designs/Extension board/1.44 - 2.7/Code/LaunchPad/EPD Extension Board v2.00 for MSP430 LaunchPad/EPD_Extension_Board/src/Pervasive_Displays_small_EPD" -g --define=__MSP430G2553__ --diag_warning=225 --display_error_number --printf_support=minimal --preproc_with_compile --preproc_dependency="src/main.pp" --obj_directory="src"  "../src/main.c"
'Finished building: ../src/main.c'
' '
'Building file: ../src/Pervasive_Displays_small_EPD/EPD_hardware_driver.c'
'Invoking: MSP430 Compiler'
"c:/ti/ccsv6/tools/compiler/msp430_4.3.5/bin/cl430" -vmsp --abi=eabi -Ooff --opt_for_speed=1 --include_path="c:/ti/ccsv6/ccs_base/msp430/include" --include_path="c:/ti/ccsv6/tools/compiler/msp430_4.3.5/include" --include_path="D:/Ref.Designs/Extension board/1.44 - 2.7/Code/LaunchPad/EPD Extension Board v2.00 for MSP430 LaunchPad/EPD_Extension_Board/src/EPD_Kit_Tool/Drivers" --include_path="D:/Ref.Designs/Extension board/1.44 - 2.7/Code/LaunchPad/EPD Extension Board v2.00 for MSP430 LaunchPad/EPD_Extension_Board/src" --include_path="D:/Ref.Designs/Extension board/1.44 - 2.7/Code/LaunchPad/EPD Extension Board v2.00 for MSP430 LaunchPad/EPD_Extension_Board/src/EPD_Kit_Tool" --include_path="D:/Ref.Designs/Extension board/1.44 - 2.7/Code/LaunchPad/EPD Extension Board v2.00 for MSP430 LaunchPad/EPD_Extension_Board/src/Pervasive_Displays_small_EPD" -g --define=__MSP430G2553__ --diag_warning=225 --display_error_number --printf_support=minimal --preproc_with_compile --preproc_dependency="src/Pervasive_Displays_small_EPD/EPD_hardware_driver.pp" --obj_directory="src/Pervasive_Displays_small_EPD"  "../src/Pervasive_Displays_small_EPD/EPD_hardware_driver.c"
'Finished building: ../src/Pervasive_Displays_small_EPD/EPD_hardware_driver.c'
' '
'Building file: ../src/Pervasive_Displays_small_EPD/EPD_interface.c'
'Invoking: MSP430 Compiler'
"c:/ti/ccsv6/tools/compiler/msp430_4.3.5/bin/cl430" -vmsp --abi=eabi -Ooff --opt_for_speed=1 --include_path="c:/ti/ccsv6/ccs_base/msp430/include" --include_path="c:/ti/ccsv6/tools/compiler/msp430_4.3.5/include" --include_path="D:/Ref.Designs/Extension board/1.44 - 2.7/Code/LaunchPad/EPD Extension Board v2.00 for MSP430 LaunchPad/EPD_Extension_Board/src/EPD_Kit_Tool/Drivers" --include_path="D:/Ref.Designs/Extension board/1.44 - 2.7/Code/LaunchPad/EPD Extension Board v2.00 for MSP430 LaunchPad/EPD_Extension_Board/src" --include_path="D:/Ref.Designs/Extension board/1.44 - 2.7/Code/LaunchPad/EPD Extension Board v2.00 for MSP430 LaunchPad/EPD_Extension_Board/src/EPD_Kit_Tool" --include_path="D:/Ref.Designs/Extension board/1.44 - 2.7/Code/LaunchPad/EPD Extension Board v2.00 for MSP430 LaunchPad/EPD_Extension_Board/src/Pervasive_Displays_small_EPD" -g --define=__MSP430G2553__ --diag_warning=225 --display_error_number --printf_support=minimal --preproc_with_compile --preproc_dependency="src/Pervasive_Displays_small_EPD/EPD_interface.pp" --obj_directory="src/Pervasive_Displays_small_EPD"  "../src/Pervasive_Displays_small_EPD/EPD_interface.c"
'Finished building: ../src/Pervasive_Displays_small_EPD/EPD_interface.c'
' '
'Building file: ../src/Pervasive_Displays_small_EPD/EPD_partial_interface.c'
'Invoking: MSP430 Compiler'
"c:/ti/ccsv6/tools/compiler/msp430_4.3.5/bin/cl430" -vmsp --abi=eabi -Ooff --opt_for_speed=1 --include_path="c:/ti/ccsv6/ccs_base/msp430/include" --include_path="c:/ti/ccsv6/tools/compiler/msp430_4.3.5/include" --include_path="D:/Ref.Designs/Extension board/1.44 - 2.7/Code/LaunchPad/EPD Extension Board v2.00 for MSP430 LaunchPad/EPD_Extension_Board/src/EPD_Kit_Tool/Drivers" --include_path="D:/Ref.Designs/Extension board/1.44 - 2.7/Code/LaunchPad/EPD Extension Board v2.00 for MSP430 LaunchPad/EPD_Extension_Board/src" --include_path="D:/Ref.Designs/Extension board/1.44 - 2.7/Code/LaunchPad/EPD Extension Board v2.00 for MSP430 LaunchPad/EPD_Extension_Board/src/EPD_Kit_Tool" --include_path="D:/Ref.Designs/Extension board/1.44 - 2.7/Code/LaunchPad/EPD Extension Board v2.00 for MSP430 LaunchPad/EPD_Extension_Board/src/Pervasive_Displays_small_EPD" -g --define=__MSP430G2553__ --diag_warning=225 --display_error_number --printf_support=minimal --preproc_with_compile --preproc_dependency="src/Pervasive_Displays_small_EPD/EPD_partial_interface.pp" --obj_directory="src/Pervasive_Displays_small_EPD"  "../src/Pervasive_Displays_small_EPD/EPD_partial_interface.c"
'Finished building: ../src/Pervasive_Displays_small_EPD/EPD_partial_interface.c'
' '
'Building file: ../src/Pervasive_Displays_small_EPD/COG_FPL/G2_Aurora_Mb/EPD_G2_Aurora_Mb.c'
'Invoking: MSP430 Compiler'
"c:/ti/ccsv6/tools/compiler/msp430_4.3.5/bin/cl430" -vmsp --abi=eabi -Ooff --opt_for_speed=1 --include_path="c:/ti/ccsv6/ccs_base/msp430/include" --include_path="c:/ti/ccsv6/tools/compiler/msp430_4.3.5/include" --include_path="D:/Ref.Designs/Extension board/1.44 - 2.7/Code/LaunchPad/EPD Extension Board v2.00 for MSP430 LaunchPad/EPD_Extension_Board/src/EPD_Kit_Tool/Drivers" --include_path="D:/Ref.Designs/Extension board/1.44 - 2.7/Code/LaunchPad/EPD Extension Board v2.00 for MSP430 LaunchPad/EPD_Extension_Board/src" --include_path="D:/Ref.Designs/Extension board/1.44 - 2.7/Code/LaunchPad/EPD Extension Board v2.00 for MSP430 LaunchPad/EPD_Extension_Board/src/EPD_Kit_Tool" --include_path="D:/Ref.Designs/Extension board/1.44 - 2.7/Code/LaunchPad/EPD Extension Board v2.00 for MSP430 LaunchPad/EPD_Extension_Board/src/Pervasive_Displays_small_EPD" -g --define=__MSP430G2553__ --diag_warning=225 --display_error_number --printf_support=minimal --preproc_with_compile --preproc_dependency="src/Pervasive_Displays_small_EPD/COG_FPL/G2_Aurora_Mb/EPD_G2_Aurora_Mb.pp" --obj_directory="src/Pervasive_Displays_small_EPD/COG_FPL/G2_Aurora_Mb"  "../src/Pervasive_Displays_small_EPD/COG_FPL/G2_Aurora_Mb/EPD_G2_Aurora_Mb.c"
'Finished building: ../src/Pervasive_Displays_small_EPD/COG_FPL/G2_Aurora_Mb/EPD_G2_Aurora_Mb.c'
' '
'Building file: ../src/Pervasive_Displays_small_EPD/COG_FPL/G2_Aurora_Ma/EPD_G2_Aurora_Ma.c'
'Invoking: MSP430 Compiler'
"c:/ti/ccsv6/tools/compiler/msp430_4.3.5/bin/cl430" -vmsp --abi=eabi -Ooff --opt_for_speed=1 --include_path="c:/ti/ccsv6/ccs_base/msp430/include" --include_path="c:/ti/ccsv6/tools/compiler/msp430_4.3.5/include" --include_path="D:/Ref.Designs/Extension board/1.44 - 2.7/Code/LaunchPad/EPD Extension Board v2.00 for MSP430 LaunchPad/EPD_Extension_Board/src/EPD_Kit_Tool/Drivers" --include_path="D:/Ref.Designs/Extension board/1.44 - 2.7/Code/LaunchPad/EPD Extension Board v2.00 for MSP430 LaunchPad/EPD_Extension_Board/src" --include_path="D:/Ref.Designs/Extension board/1.44 - 2.7/Code/LaunchPad/EPD Extension Board v2.00 for MSP430 LaunchPad/EPD_Extension_Board/src/EPD_Kit_Tool" --include_path="D:/Ref.Designs/Extension board/1.44 - 2.7/Code/LaunchPad/EPD Extension Board v2.00 for MSP430 LaunchPad/EPD_Extension_Board/src/Pervasive_Displays_small_EPD" -g --define=__MSP430G2553__ --diag_warning=225 --display_error_number --printf_support=minimal --preproc_with_compile --preproc_dependency="src/Pervasive_Displays_small_EPD/COG_FPL/G2_Aurora_Ma/EPD_G2_Aurora_Ma.pp" --obj_directory="src/Pervasive_Displays_small_EPD/COG_FPL/G2_Aurora_Ma"  "../src/Pervasive_Displays_small_EPD/COG_FPL/G2_Aurora_Ma/EPD_G2_Aurora_Ma.c"
'Finished building: ../src/Pervasive_Displays_small_EPD/COG_FPL/G2_Aurora_Ma/EPD_G2_Aurora_Ma.c'
' '
'Building file: ../src/Pervasive_Displays_small_EPD/COG_FPL/G1_Aurora_Mb/EPD_G1_Aurora_Mb.c'
'Invoking: MSP430 Compiler'
"c:/ti/ccsv6/tools/compiler/msp430_4.3.5/bin/cl430" -vmsp --abi=eabi -Ooff --opt_for_speed=1 --include_path="c:/ti/ccsv6/ccs_base/msp430/include" --include_path="c:/ti/ccsv6/tools/compiler/msp430_4.3.5/include" --include_path="D:/Ref.Designs/Extension board/1.44 - 2.7/Code/LaunchPad/EPD Extension Board v2.00 for MSP430 LaunchPad/EPD_Extension_Board/src/EPD_Kit_Tool/Drivers" --include_path="D:/Ref.Designs/Extension board/1.44 - 2.7/Code/LaunchPad/EPD Extension Board v2.00 for MSP430 LaunchPad/EPD_Extension_Board/src" --include_path="D:/Ref.Designs/Extension board/1.44 - 2.7/Code/LaunchPad/EPD Extension Board v2.00 for MSP430 LaunchPad/EPD_Extension_Board/src/EPD_Kit_Tool" --include_path="D:/Ref.Designs/Extension board/1.44 - 2.7/Code/LaunchPad/EPD Extension Board v2.00 for MSP430 LaunchPad/EPD_Extension_Board/src/Pervasive_Displays_small_EPD" -g --define=__MSP430G2553__ --diag_warning=225 --display_error_number --printf_support=minimal --preproc_with_compile --preproc_dependency="src/Pervasive_Displays_small_EPD/COG_FPL/G1_Aurora_Mb/EPD_G1_Aurora_Mb.pp" --obj_directory="src/Pervasive_Displays_small_EPD/COG_FPL/G1_Aurora_Mb"  "../src/Pervasive_Displays_small_EPD/COG_FPL/G1_Aurora_Mb/EPD_G1_Aurora_Mb.c"
'Finished building: ../src/Pervasive_Displays_small_EPD/COG_FPL/G1_Aurora_Mb/EPD_G1_Aurora_Mb.c'
' '
'Building file: ../src/EPD_Kit_Tool/Char.c'
'Invoking: MSP430 Compiler'
"c:/ti/ccsv6/tools/compiler/msp430_4.3.5/bin/cl430" -vmsp --abi=eabi -Ooff --opt_for_speed=1 --include_path="c:/ti/ccsv6/ccs_base/msp430/include" --include_path="c:/ti/ccsv6/tools/compiler/msp430_4.3.5/include" --include_path="D:/Ref.Designs/Extension board/1.44 - 2.7/Code/LaunchPad/EPD Extension Board v2.00 for MSP430 LaunchPad/EPD_Extension_Board/src/EPD_Kit_Tool/Drivers" --include_path="D:/Ref.Designs/Extension board/1.44 - 2.7/Code/LaunchPad/EPD Extension Board v2.00 for MSP430 LaunchPad/EPD_Extension_Board/src" --include_path="D:/Ref.Designs/Extension board/1.44 - 2.7/Code/LaunchPad/EPD Extension Board v2.00 for MSP430 LaunchPad/EPD_Extension_Board/src/EPD_Kit_Tool" --include_path="D:/Ref.Designs/Extension board/1.44 - 2.7/Code/LaunchPad/EPD Extension Board v2.00 for MSP430 LaunchPad/EPD_Extension_Board/src/Pervasive_Displays_small_EPD" -g --define=__MSP430G2553__ --diag_warning=225 --display_error_number --printf_support=minimal --preproc_with_compile --preproc_dependency="src/EPD_Kit_Tool/Char.pp" --obj_directory="src/EPD_Kit_Tool"  "../src/EPD_Kit_Tool/Char.c"
'Finished building: ../src/EPD_Kit_Tool/Char.c'
' '
'Building file: ../src/EPD_Kit_Tool/EPD_Kit_Tool_Process.c'
'Invoking: MSP430 Compiler'
"c:/ti/ccsv6/tools/compiler/msp430_4.3.5/bin/cl430" -vmsp --abi=eabi -Ooff --opt_for_speed=1 --include_path="c:/ti/ccsv6/ccs_base/msp430/include" --include_path="c:/ti/ccsv6/tools/compiler/msp430_4.3.5/include" --include_path="D:/Ref.Designs/Extension board/1.44 - 2.7/Code/LaunchPad/EPD Extension Board v2.00 for MSP430 LaunchPad/EPD_Extension_Board/src/EPD_Kit_Tool/Drivers" --include_path="D:/Ref.Designs/Extension board/1.44 - 2.7/Code/LaunchPad/EPD Extension Board v2.00 for MSP430 LaunchPad/EPD_Extension_Board/src" --include_path="D:/Ref.Designs/Extension board/1.44 - 2.7/Code/LaunchPad/EPD Extension Board v2.00 for MSP430 LaunchPad/EPD_Extension_Board/src/EPD_Kit_Tool" --include_path="D:/Ref.Designs/Extension board/1.44 - 2.7/Code/LaunchPad/EPD Extension Board v2.00 for MSP430 LaunchPad/EPD_Extension_Board/src/Pervasive_Displays_small_EPD" -g --define=__MSP430G2553__ --diag_warning=225 --display_error_number --printf_support=minimal --preproc_with_compile --preproc_dependency="src/EPD_Kit_Tool/EPD_Kit_Tool_Process.pp" --obj_directory="src/EPD_Kit_Tool"  "../src/EPD_Kit_Tool/EPD_Kit_Tool_Process.c"
'Finished building: ../src/EPD_Kit_Tool/EPD_Kit_Tool_Process.c'
' '
'Building file: ../src/EPD_Kit_Tool/Mem_Flash.c'
'Invoking: MSP430 Compiler'
"c:/ti/ccsv6/tools/compiler/msp430_4.3.5/bin/cl430" -vmsp --abi=eabi -Ooff --opt_for_speed=1 --include_path="c:/ti/ccsv6/ccs_base/msp430/include" --include_path="c:/ti/ccsv6/tools/compiler/msp430_4.3.5/include" --include_path="D:/Ref.Designs/Extension board/1.44 - 2.7/Code/LaunchPad/EPD Extension Board v2.00 for MSP430 LaunchPad/EPD_Extension_Board/src/EPD_Kit_Tool/Drivers" --include_path="D:/Ref.Designs/Extension board/1.44 - 2.7/Code/LaunchPad/EPD Extension Board v2.00 for MSP430 LaunchPad/EPD_Extension_Board/src" --include_path="D:/Ref.Designs/Extension board/1.44 - 2.7/Code/LaunchPad/EPD Extension Board v2.00 for MSP430 LaunchPad/EPD_Extension_Board/src/EPD_Kit_Tool" --include_path="D:/Ref.Designs/Extension board/1.44 - 2.7/Code/LaunchPad/EPD Extension Board v2.00 for MSP430 LaunchPad/EPD_Extension_Board/src/Pervasive_Displays_small_EPD" -g --define=__MSP430G2553__ --diag_warning=225 --display_error_number --printf_support=minimal --preproc_with_compile --preproc_dependency="src/EPD_Kit_Tool/Mem_Flash.pp" --obj_directory="src/EPD_Kit_Tool"  "../src/EPD_Kit_Tool/Mem_Flash.c"
'Finished building: ../src/EPD_Kit_Tool/Mem_Flash.c'
' '
'Building file: ../src/EPD_Kit_Tool/Uart_Controller.c'
'Invoking: MSP430 Compiler'
"c:/ti/ccsv6/tools/compiler/msp430_4.3.5/bin/cl430" -vmsp --abi=eabi -Ooff --opt_for_speed=1 --include_path="c:/ti/ccsv6/ccs_base/msp430/include" --include_path="c:/ti/ccsv6/tools/compiler/msp430_4.3.5/include" --include_path="D:/Ref.Designs/Extension board/1.44 - 2.7/Code/LaunchPad/EPD Extension Board v2.00 for MSP430 LaunchPad/EPD_Extension_Board/src/EPD_Kit_Tool/Drivers" --include_path="D:/Ref.Designs/Extension board/1.44 - 2.7/Code/LaunchPad/EPD Extension Board v2.00 for MSP430 LaunchPad/EPD_Extension_Board/src" --include_path="D:/Ref.Designs/Extension board/1.44 - 2.7/Code/LaunchPad/EPD Extension Board v2.00 for MSP430 LaunchPad/EPD_Extension_Board/src/EPD_Kit_Tool" --include_path="D:/Ref.Designs/Extension board/1.44 - 2.7/Code/LaunchPad/EPD Extension Board v2.00 for MSP430 LaunchPad/EPD_Extension_Board/src/Pervasive_Displays_small_EPD" -g --define=__MSP430G2553__ --diag_warning=225 --display_error_number --printf_support=minimal --preproc_with_compile --preproc_dependency="src/EPD_Kit_Tool/Uart_Controller.pp" --obj_directory="src/EPD_Kit_Tool"  "../src/EPD_Kit_Tool/Uart_Controller.c"
'Finished building: ../src/EPD_Kit_Tool/Uart_Controller.c'
' '
'Building file: ../src/EPD_Kit_Tool/Drivers/EPD_LED.c'
'Invoking: MSP430 Compiler'
"c:/ti/ccsv6/tools/compiler/msp430_4.3.5/bin/cl430" -vmsp --abi=eabi -Ooff --opt_for_speed=1 --include_path="c:/ti/ccsv6/ccs_base/msp430/include" --include_path="c:/ti/ccsv6/tools/compiler/msp430_4.3.5/include" --include_path="D:/Ref.Designs/Extension board/1.44 - 2.7/Code/LaunchPad/EPD Extension Board v2.00 for MSP430 LaunchPad/EPD_Extension_Board/src/EPD_Kit_Tool/Drivers" --include_path="D:/Ref.Designs/Extension board/1.44 - 2.7/Code/LaunchPad/EPD Extension Board v2.00 for MSP430 LaunchPad/EPD_Extension_Board/src" --include_path="D:/Ref.Designs/Extension board/1.44 - 2.7/Code/LaunchPad/EPD Extension Board v2.00 for MSP430 LaunchPad/EPD_Extension_Board/src/EPD_Kit_Tool" --include_path="D:/Ref.Designs/Extension board/1.44 - 2.7/Code/LaunchPad/EPD Extension Board v2.00 for MSP430 LaunchPad/EPD_Extension_Board/src/Pervasive_Displays_small_EPD" -g --define=__MSP430G2553__ --diag_warning=225 --display_error_number --printf_support=minimal --preproc_with_compile --preproc_dependency="src/EPD_Kit_Tool/Drivers/EPD_LED.pp" --obj_directory="src/EPD_Kit_Tool/Drivers"  "../src/EPD_Kit_Tool/Drivers/EPD_LED.c"
'Finished building: ../src/EPD_Kit_Tool/Drivers/EPD_LED.c'
' '
'Building file: ../src/EPD_Kit_Tool/Drivers/Uart_Driver.c'
'Invoking: MSP430 Compiler'
"c:/ti/ccsv6/tools/compiler/msp430_4.3.5/bin/cl430" -vmsp --abi=eabi -Ooff --opt_for_speed=1 --include_path="c:/ti/ccsv6/ccs_base/msp430/include" --include_path="c:/ti/ccsv6/tools/compiler/msp430_4.3.5/include" --include_path="D:/Ref.Designs/Extension board/1.44 - 2.7/Code/LaunchPad/EPD Extension Board v2.00 for MSP430 LaunchPad/EPD_Extension_Board/src/EPD_Kit_Tool/Drivers" --include_path="D:/Ref.Designs/Extension board/1.44 - 2.7/Code/LaunchPad/EPD Extension Board v2.00 for MSP430 LaunchPad/EPD_Extension_Board/src" --include_path="D:/Ref.Designs/Extension board/1.44 - 2.7/Code/LaunchPad/EPD Extension Board v2.00 for MSP430 LaunchPad/EPD_Extension_Board/src/EPD_Kit_Tool" --include_path="D:/Ref.Designs/Extension board/1.44 - 2.7/Code/LaunchPad/EPD Extension Board v2.00 for MSP430 LaunchPad/EPD_Extension_Board/src/Pervasive_Displays_small_EPD" -g --define=__MSP430G2553__ --diag_warning=225 --display_error_number --printf_support=minimal --preproc_with_compile --preproc_dependency="src/EPD_Kit_Tool/Drivers/Uart_Driver.pp" --obj_directory="src/EPD_Kit_Tool/Drivers"  "../src/EPD_Kit_Tool/Drivers/Uart_Driver.c"
'Finished building: ../src/EPD_Kit_Tool/Drivers/Uart_Driver.c'
' '
'Building target: EPD_Extension_Board.out'
'Invoking: MSP430 Linker'
"c:/ti/ccsv6/tools/compiler/msp430_4.3.5/bin/cl430" -vmsp --abi=eabi -Ooff --opt_for_speed=1 -g --define=__MSP430G2553__ --diag_warning=225 --display_error_number --printf_support=minimal -z -m"EPD_Extension_Board.map" --heap_size=80 --stack_size=80 -i"c:/ti/ccsv6/ccs_base/msp430/include" -i"c:/ti/ccsv6/tools/compiler/msp430_4.3.5/lib" -i"c:/ti/ccsv6/tools/compiler/msp430_4.3.5/include" --reread_libs --warn_sections --diag_suppress=10374 --xml_link_info="EPD_Extension_Board_linkInfo.xml" --rom_model -o "EPD_Extension_Board.out"  "./src/image_data.obj" "./src/main.obj" "./src/Pervasive_Displays_small_EPD/EPD_hardware_driver.obj" "./src/Pervasive_Displays_small_EPD/EPD_interface.obj" "./src/Pervasive_Displays_small_EPD/EPD_partial_interface.obj" "./src/Pervasive_Displays_small_EPD/COG_FPL/G2_Aurora_Mb/EPD_G2_Aurora_Mb.obj" "./src/Pervasive_Displays_small_EPD/COG_FPL/G2_Aurora_Ma/EPD_G2_Aurora_Ma.obj" "./src/Pervasive_Displays_small_EPD/COG_FPL/G1_Aurora_Mb/EPD_G1_Aurora_Mb.obj" "./src/EPD_Kit_Tool/Char.obj" "./src/EPD_Kit_Tool/EPD_Kit_Tool_Process.obj" "./src/EPD_Kit_Tool/Mem_Flash.obj" "./src/EPD_Kit_Tool/Uart_Controller.obj" "./src/EPD_Kit_Tool/Drivers/EPD_LED.obj" "./src/EPD_Kit_Tool/Drivers/Uart_Driver.obj" "../lnk_msp430g2553.cmd" -l"libc.a" 
<Linking>
'Finished building target: EPD_Extension_Board.out'
' '

**** Build Finished ****

**** Build of configuration MSP430F5529 for project EPD_Extension_Board ****

"c:\\ti\\ccsv6\\utils\\bin\\gmake" all 
'Building file: ../src/image_data.c'
'Invoking: MSP430 Compiler'
"c:/ti/ccsv6/tools/compiler/msp430_4.3.5/bin/cl430" -vmspx --abi=eabi --data_model=restricted --opt_for_speed=1 --include_path="c:/ti/ccsv6/ccs_base/msp430/include" --include_path="c:/ti/ccsv6/tools/compiler/msp430_4.3.5/include" --include_path="D:/Ref.Designs/Extension board/1.44 - 2.7/Code/LaunchPad/EPD Extension Board v2.00 for MSP430 LaunchPad/EPD_Extension_Board/src/EPD_Kit_Tool/Drivers" --include_path="D:/Ref.Designs/Extension board/1.44 - 2.7/Code/LaunchPad/EPD Extension Board v2.00 for MSP430 LaunchPad/EPD_Extension_Board/src" --include_path="D:/Ref.Designs/Extension board/1.44 - 2.7/Code/LaunchPad/EPD Extension Board v2.00 for MSP430 LaunchPad/EPD_Extension_Board/src/EPD_Kit_Tool" --include_path="D:/Ref.Designs/Extension board/1.44 - 2.7/Code/LaunchPad/EPD Extension Board v2.00 for MSP430 LaunchPad/EPD_Extension_Board/src/Pervasive_Displays_small_EPD" -g --define=__MSP430F5529__ --diag_warning=225 --display_error_number --silicon_errata=CPU21 --silicon_errata=CPU22 --silicon_errata=CPU23 --silicon_errata=CPU40 --printf_support=minimal --preproc_with_compile --preproc_dependency="src/image_data.pp" --obj_directory="src"  "../src/image_data.c"
'Finished building: ../src/image_data.c'
' '
'Building file: ../src/main.c'
'Invoking: MSP430 Compiler'
"c:/ti/ccsv6/tools/compiler/msp430_4.3.5/bin/cl430" -vmspx --abi=eabi --data_model=restricted --opt_for_speed=1 --include_path="c:/ti/ccsv6/ccs_base/msp430/include" --include_path="c:/ti/ccsv6/tools/compiler/msp430_4.3.5/include" --include_path="D:/Ref.Designs/Extension board/1.44 - 2.7/Code/LaunchPad/EPD Extension Board v2.00 for MSP430 LaunchPad/EPD_Extension_Board/src/EPD_Kit_Tool/Drivers" --include_path="D:/Ref.Designs/Extension board/1.44 - 2.7/Code/LaunchPad/EPD Extension Board v2.00 for MSP430 LaunchPad/EPD_Extension_Board/src" --include_path="D:/Ref.Designs/Extension board/1.44 - 2.7/Code/LaunchPad/EPD Extension Board v2.00 for MSP430 LaunchPad/EPD_Extension_Board/src/EPD_Kit_Tool" --include_path="D:/Ref.Designs/Extension board/1.44 - 2.7/Code/LaunchPad/EPD Extension Board v2.00 for MSP430 LaunchPad/EPD_Extension_Board/src/Pervasive_Displays_small_EPD" -g --define=__MSP430F5529__ --diag_warning=225 --display_error_number --silicon_errata=CPU21 --silicon_errata=CPU22 --silicon_errata=CPU23 --silicon_errata=CPU40 --printf_support=minimal --preproc_with_compile --preproc_dependency="src/main.pp" --obj_directory="src"  "../src/main.c"
'Finished building: ../src/main.c'
' '
'Building file: ../src/Pervasive_Displays_small_EPD/EPD_hardware_driver.c'
'Invoking: MSP430 Compiler'
"c:/ti/ccsv6/tools/compiler/msp430_4.3.5/bin/cl430" -vmspx --abi=eabi --data_model=restricted --opt_for_speed=1 --include_path="c:/ti/ccsv6/ccs_base/msp430/include" --include_path="c:/ti/ccsv6/tools/compiler/msp430_4.3.5/include" --include_path="D:/Ref.Designs/Extension board/1.44 - 2.7/Code/LaunchPad/EPD Extension Board v2.00 for MSP430 LaunchPad/EPD_Extension_Board/src/EPD_Kit_Tool/Drivers" --include_path="D:/Ref.Designs/Extension board/1.44 - 2.7/Code/LaunchPad/EPD Extension Board v2.00 for MSP430 LaunchPad/EPD_Extension_Board/src" --include_path="D:/Ref.Designs/Extension board/1.44 - 2.7/Code/LaunchPad/EPD Extension Board v2.00 for MSP430 LaunchPad/EPD_Extension_Board/src/EPD_Kit_Tool" --include_path="D:/Ref.Designs/Extension board/1.44 - 2.7/Code/LaunchPad/EPD Extension Board v2.00 for MSP430 LaunchPad/EPD_Extension_Board/src/Pervasive_Displays_small_EPD" -g --define=__MSP430F5529__ --diag_warning=225 --display_error_number --silicon_errata=CPU21 --silicon_errata=CPU22 --silicon_errata=CPU23 --silicon_errata=CPU40 --printf_support=minimal --preproc_with_compile --preproc_dependency="src/Pervasive_Displays_small_EPD/EPD_hardware_driver.pp" --obj_directory="src/Pervasive_Displays_small_EPD"  "../src/Pervasive_Displays_small_EPD/EPD_hardware_driver.c"
'Finished building: ../src/Pervasive_Displays_small_EPD/EPD_hardware_driver.c'
' '
'Building file: ../src/Pervasive_Displays_small_EPD/EPD_interface.c'
'Invoking: MSP430 Compiler'
"c:/ti/ccsv6/tools/compiler/msp430_4.3.5/bin/cl430" -vmspx --abi=eabi --data_model=restricted --opt_for_speed=1 --include_path="c:/ti/ccsv6/ccs_base/msp430/include" --include_path="c:/ti/ccsv6/tools/compiler/msp430_4.3.5/include" --include_path="D:/Ref.Designs/Extension board/1.44 - 2.7/Code/LaunchPad/EPD Extension Board v2.00 for MSP430 LaunchPad/EPD_Extension_Board/src/EPD_Kit_Tool/Drivers" --include_path="D:/Ref.Designs/Extension board/1.44 - 2.7/Code/LaunchPad/EPD Extension Board v2.00 for MSP430 LaunchPad/EPD_Extension_Board/src" --include_path="D:/Ref.Designs/Extension board/1.44 - 2.7/Code/LaunchPad/EPD Extension Board v2.00 for MSP430 LaunchPad/EPD_Extension_Board/src/EPD_Kit_Tool" --include_path="D:/Ref.Designs/Extension board/1.44 - 2.7/Code/LaunchPad/EPD Extension Board v2.00 for MSP430 LaunchPad/EPD_Extension_Board/src/Pervasive_Displays_small_EPD" -g --define=__MSP430F5529__ --diag_warning=225 --display_error_number --silicon_errata=CPU21 --silicon_errata=CPU22 --silicon_errata=CPU23 --silicon_errata=CPU40 --printf_support=minimal --preproc_with_compile --preproc_dependency="src/Pervasive_Displays_small_EPD/EPD_interface.pp" --obj_directory="src/Pervasive_Displays_small_EPD"  "../src/Pervasive_Displays_small_EPD/EPD_interface.c"
'Finished building: ../src/Pervasive_Displays_small_EPD/EPD_interface.c'
' '
'Building file: ../src/Pervasive_Displays_small_EPD/EPD_partial_interface.c'
'Invoking: MSP430 Compiler'
"c:/ti/ccsv6/tools/compiler/msp430_4.3.5/bin/cl430" -vmspx --abi=eabi --data_model=restricted --opt_for_speed=1 --include_path="c:/ti/ccsv6/ccs_base/msp430/include" --include_path="c:/ti/ccsv6/tools/compiler/msp430_4.3.5/include" --include_path="D:/Ref.Designs/Extension board/1.44 - 2.7/Code/LaunchPad/EPD Extension Board v2.00 for MSP430 LaunchPad/EPD_Extension_Board/src/EPD_Kit_Tool/Drivers" --include_path="D:/Ref.Designs/Extension board/1.44 - 2.7/Code/LaunchPad/EPD Extension Board v2.00 for MSP430 LaunchPad/EPD_Extension_Board/src" --include_path="D:/Ref.Designs/Extension board/1.44 - 2.7/Code/LaunchPad/EPD Extension Board v2.00 for MSP430 LaunchPad/EPD_Extension_Board/src/EPD_Kit_Tool" --include_path="D:/Ref.Designs/Extension board/1.44 - 2.7/Code/LaunchPad/EPD Extension Board v2.00 for MSP430 LaunchPad/EPD_Extension_Board/src/Pervasive_Displays_small_EPD" -g --define=__MSP430F5529__ --diag_warning=225 --display_error_number --silicon_errata=CPU21 --silicon_errata=CPU22 --silicon_errata=CPU23 --silicon_errata=CPU40 --printf_support=minimal --preproc_with_compile --preproc_dependency="src/Pervasive_Displays_small_EPD/EPD_partial_interface.pp" --obj_directory="src/Pervasive_Displays_small_EPD"  "../src/Pervasive_Displays_small_EPD/EPD_partial_interface.c"
'Finished building: ../src/Pervasive_Displays_small_EPD/EPD_partial_interface.c'
' '
'Building file: ../src/Pervasive_Displays_small_EPD/COG_FPL/G2_Aurora_Mb/EPD_G2_Aurora_Mb.c'
'Invoking: MSP430 Compiler'
"c:/ti/ccsv6/tools/compiler/msp430_4.3.5/bin/cl430" -vmspx --abi=eabi --data_model=restricted --opt_for_speed=1 --include_path="c:/ti/ccsv6/ccs_base/msp430/include" --include_path="c:/ti/ccsv6/tools/compiler/msp430_4.3.5/include" --include_path="D:/Ref.Designs/Extension board/1.44 - 2.7/Code/LaunchPad/EPD Extension Board v2.00 for MSP430 LaunchPad/EPD_Extension_Board/src/EPD_Kit_Tool/Drivers" --include_path="D:/Ref.Designs/Extension board/1.44 - 2.7/Code/LaunchPad/EPD Extension Board v2.00 for MSP430 LaunchPad/EPD_Extension_Board/src" --include_path="D:/Ref.Designs/Extension board/1.44 - 2.7/Code/LaunchPad/EPD Extension Board v2.00 for MSP430 LaunchPad/EPD_Extension_Board/src/EPD_Kit_Tool" --include_path="D:/Ref.Designs/Extension board/1.44 - 2.7/Code/LaunchPad/EPD Extension Board v2.00 for MSP430 LaunchPad/EPD_Extension_Board/src/Pervasive_Displays_small_EPD" -g --define=__MSP430F5529__ --diag_warning=225 --display_error_number --silicon_errata=CPU21 --silicon_errata=CPU22 --silicon_errata=CPU23 --silicon_errata=CPU40 --printf_support=minimal --preproc_with_compile --preproc_dependency="src/Pervasive_Displays_small_EPD/COG_FPL/G2_Aurora_Mb/EPD_G2_Aurora_Mb.pp" --obj_directory="src/Pervasive_Displays_small_EPD/COG_FPL/G2_Aurora_Mb"  "../src/Pervasive_Displays_small_EPD/COG_FPL/G2_Aurora_Mb/EPD_G2_Aurora_Mb.c"
'Finished building: ../src/Pervasive_Displays_small_EPD/COG_FPL/G2_Aurora_Mb/EPD_G2_Aurora_Mb.c'
' '
'Building file: ../src/Pervasive_Displays_small_EPD/COG_FPL/G2_Aurora_Ma/EPD_G2_Aurora_Ma.c'
'Invoking: MSP430 Compiler'
"c:/ti/ccsv6/tools/compiler/msp430_4.3.5/bin/cl430" -vmspx --abi=eabi --data_model=restricted --opt_for_speed=1 --include_path="c:/ti/ccsv6/ccs_base/msp430/include" --include_path="c:/ti/ccsv6/tools/compiler/msp430_4.3.5/include" --include_path="D:/Ref.Designs/Extension board/1.44 - 2.7/Code/LaunchPad/EPD Extension Board v2.00 for MSP430 LaunchPad/EPD_Extension_Board/src/EPD_Kit_Tool/Drivers" --include_path="D:/Ref.Designs/Extension board/1.44 - 2.7/Code/LaunchPad/EPD Extension Board v2.00 for MSP430 LaunchPad/EPD_Extension_Board/src" --include_path="D:/Ref.Designs/Extension board/1.44 - 2.7/Code/LaunchPad/EPD Extension Board v2.00 for MSP430 LaunchPad/EPD_Extension_Board/src/EPD_Kit_Tool" --include_path="D:/Ref.Designs/Extension board/1.44 - 2.7/Code/LaunchPad/EPD Extension Board v2.00 for MSP430 LaunchPad/EPD_Extension_Board/src/Pervasive_Displays_small_EPD" -g --define=__MSP430F5529__ --diag_warning=225 --display_error_number --silicon_errata=CPU21 --silicon_errata=CPU22 --silicon_errata=CPU23 --silicon_errata=CPU40 --printf_support=minimal --preproc_with_compile --preproc_dependency="src/Pervasive_Displays_small_EPD/COG_FPL/G2_Aurora_Ma/EPD_G2_Aurora_Ma.pp" --obj_directory="src/Pervasive_Displays_small_EPD/COG_FPL/G2_Aurora_Ma"  "../src/Pervasive_Displays_small_EPD/COG_FPL/G2_Aurora_Ma/EPD_G2_Aurora_Ma.c"
'Finished building: ../src/Pervasive_Displays_small_EPD/COG_FPL/G2_Aurora_Ma/EPD_G2_Aurora_Ma.c'
' '
'Building file: ../src/Pervasive_Displays_small_EPD/COG_FPL/G1_Aurora_Mb/EPD_G1_Aurora_Mb.c'
'Invoking: MSP430 Compiler'
"c:/ti/ccsv6/tools/compiler/msp430_4.3.5/bin/cl430" -vmspx --abi=eabi --data_model=restricted --opt_for_speed=1 --include_path="c:/ti/ccsv6/ccs_base/msp430/include" --include_path="c:/ti/ccsv6/tools/compiler/msp430_4.3.5/include" --include_path="D:/Ref.Designs/Extension board/1.44 - 2.7/Code/LaunchPad/EPD Extension Board v2.00 for MSP430 LaunchPad/EPD_Extension_Board/src/EPD_Kit_Tool/Drivers" --include_path="D:/Ref.Designs/Extension board/1.44 - 2.7/Code/LaunchPad/EPD Extension Board v2.00 for MSP430 LaunchPad/EPD_Extension_Board/src" --include_path="D:/Ref.Designs/Extension board/1.44 - 2.7/Code/LaunchPad/EPD Extension Board v2.00 for MSP430 LaunchPad/EPD_Extension_Board/src/EPD_Kit_Tool" --include_path="D:/Ref.Designs/Extension board/1.44 - 2.7/Code/LaunchPad/EPD Extension Board v2.00 for MSP430 LaunchPad/EPD_Extension_Board/src/Pervasive_Displays_small_EPD" -g --define=__MSP430F5529__ --diag_warning=225 --display_error_number --silicon_errata=CPU21 --silicon_errata=CPU22 --silicon_errata=CPU23 --silicon_errata=CPU40 --printf_support=minimal --preproc_with_compile --preproc_dependency="src/Pervasive_Displays_small_EPD/COG_FPL/G1_Aurora_Mb/EPD_G1_Aurora_Mb.pp" --obj_directory="src/Pervasive_Displays_small_EPD/COG_FPL/G1_Aurora_Mb"  "../src/Pervasive_Displays_small_EPD/COG_FPL/G1_Aurora_Mb/EPD_G1_Aurora_Mb.c"
'Finished building: ../src/Pervasive_Displays_small_EPD/COG_FPL/G1_Aurora_Mb/EPD_G1_Aurora_Mb.c'
' '
'Building file: ../src/EPD_Kit_Tool/EPD_Kit_Tool_Process.c'
'Invoking: MSP430 Compiler'
"c:/ti/ccsv6/tools/compiler/msp430_4.3.5/bin/cl430" -vmspx --abi=eabi --data_model=restricted --opt_for_speed=1 --include_path="c:/ti/ccsv6/ccs_base/msp430/include" --include_path="c:/ti/ccsv6/tools/compiler/msp430_4.3.5/include" --include_path="D:/Ref.Designs/Extension board/1.44 - 2.7/Code/LaunchPad/EPD Extension Board v2.00 for MSP430 LaunchPad/EPD_Extension_Board/src/EPD_Kit_Tool/Drivers" --include_path="D:/Ref.Designs/Extension board/1.44 - 2.7/Code/LaunchPad/EPD Extension Board v2.00 for MSP430 LaunchPad/EPD_Extension_Board/src" --include_path="D:/Ref.Designs/Extension board/1.44 - 2.7/Code/LaunchPad/EPD Extension Board v2.00 for MSP430 LaunchPad/EPD_Extension_Board/src/EPD_Kit_Tool" --include_path="D:/Ref.Designs/Extension board/1.44 - 2.7/Code/LaunchPad/EPD Extension Board v2.00 for MSP430 LaunchPad/EPD_Extension_Board/src/Pervasive_Displays_small_EPD" -g --define=__MSP430F5529__ --diag_warning=225 --display_error_number --silicon_errata=CPU21 --silicon_errata=CPU22 --silicon_errata=CPU23 --silicon_errata=CPU40 --printf_support=minimal --preproc_with_compile --preproc_dependency="src/EPD_Kit_Tool/EPD_Kit_Tool_Process.pp" --obj_directory="src/EPD_Kit_Tool"  "../src/EPD_Kit_Tool/EPD_Kit_Tool_Process.c"
'Finished building: ../src/EPD_Kit_Tool/EPD_Kit_Tool_Process.c'
' '
'Building file: ../src/EPD_Kit_Tool/Mem_Flash.c'
'Invoking: MSP430 Compiler'
"c:/ti/ccsv6/tools/compiler/msp430_4.3.5/bin/cl430" -vmspx --abi=eabi --data_model=restricted --opt_for_speed=1 --include_path="c:/ti/ccsv6/ccs_base/msp430/include" --include_path="c:/ti/ccsv6/tools/compiler/msp430_4.3.5/include" --include_path="D:/Ref.Designs/Extension board/1.44 - 2.7/Code/LaunchPad/EPD Extension Board v2.00 for MSP430 LaunchPad/EPD_Extension_Board/src/EPD_Kit_Tool/Drivers" --include_path="D:/Ref.Designs/Extension board/1.44 - 2.7/Code/LaunchPad/EPD Extension Board v2.00 for MSP430 LaunchPad/EPD_Extension_Board/src" --include_path="D:/Ref.Designs/Extension board/1.44 - 2.7/Code/LaunchPad/EPD Extension Board v2.00 for MSP430 LaunchPad/EPD_Extension_Board/src/EPD_Kit_Tool" --include_path="D:/Ref.Designs/Extension board/1.44 - 2.7/Code/LaunchPad/EPD Extension Board v2.00 for MSP430 LaunchPad/EPD_Extension_Board/src/Pervasive_Displays_small_EPD" -g --define=__MSP430F5529__ --diag_warning=225 --display_error_number --silicon_errata=CPU21 --silicon_errata=CPU22 --silicon_errata=CPU23 --silicon_errata=CPU40 --printf_support=minimal --preproc_with_compile --preproc_dependency="src/EPD_Kit_Tool/Mem_Flash.pp" --obj_directory="src/EPD_Kit_Tool"  "../src/EPD_Kit_Tool/Mem_Flash.c"
'Finished building: ../src/EPD_Kit_Tool/Mem_Flash.c'
' '
'Building file: ../src/EPD_Kit_Tool/Uart_Controller.c'
'Invoking: MSP430 Compiler'
"c:/ti/ccsv6/tools/compiler/msp430_4.3.5/bin/cl430" -vmspx --abi=eabi --data_model=restricted --opt_for_speed=1 --include_path="c:/ti/ccsv6/ccs_base/msp430/include" --include_path="c:/ti/ccsv6/tools/compiler/msp430_4.3.5/include" --include_path="D:/Ref.Designs/Extension board/1.44 - 2.7/Code/LaunchPad/EPD Extension Board v2.00 for MSP430 LaunchPad/EPD_Extension_Board/src/EPD_Kit_Tool/Drivers" --include_path="D:/Ref.Designs/Extension board/1.44 - 2.7/Code/LaunchPad/EPD Extension Board v2.00 for MSP430 LaunchPad/EPD_Extension_Board/src" --include_path="D:/Ref.Designs/Extension board/1.44 - 2.7/Code/LaunchPad/EPD Extension Board v2.00 for MSP430 LaunchPad/EPD_Extension_Board/src/EPD_Kit_Tool" --include_path="D:/Ref.Designs/Extension board/1.44 - 2.7/Code/LaunchPad/EPD Extension Board v2.00 for MSP430 LaunchPad/EPD_Extension_Board/src/Pervasive_Displays_small_EPD" -g --define=__MSP430F5529__ --diag_warning=225 --display_error_number --silicon_errata=CPU21 --silicon_errata=CPU22 --silicon_errata=CPU23 --silicon_errata=CPU40 --printf_support=minimal --preproc_with_compile --preproc_dependency="src/EPD_Kit_Tool/Uart_Controller.pp" --obj_directory="src/EPD_Kit_Tool"  "../src/EPD_Kit_Tool/Uart_Controller.c"
'Finished building: ../src/EPD_Kit_Tool/Uart_Controller.c'
' '
'Building file: ../src/EPD_Kit_Tool/Drivers/EPD_LED.c'
'Invoking: MSP430 Compiler'
"c:/ti/ccsv6/tools/compiler/msp430_4.3.5/bin/cl430" -vmspx --abi=eabi --data_model=restricted --opt_for_speed=1 --include_path="c:/ti/ccsv6/ccs_base/msp430/include" --include_path="c:/ti/ccsv6/tools/compiler/msp430_4.3.5/include" --include_path="D:/Ref.Designs/Extension board/1.44 - 2.7/Code/LaunchPad/EPD Extension Board v2.00 for MSP430 LaunchPad/EPD_Extension_Board/src/EPD_Kit_Tool/Drivers" --include_path="D:/Ref.Designs/Extension board/1.44 - 2.7/Code/LaunchPad/EPD Extension Board v2.00 for MSP430 LaunchPad/EPD_Extension_Board/src" --include_path="D:/Ref.Designs/Extension board/1.44 - 2.7/Code/LaunchPad/EPD Extension Board v2.00 for MSP430 LaunchPad/EPD_Extension_Board/src/EPD_Kit_Tool" --include_path="D:/Ref.Designs/Extension board/1.44 - 2.7/Code/LaunchPad/EPD Extension Board v2.00 for MSP430 LaunchPad/EPD_Extension_Board/src/Pervasive_Displays_small_EPD" -g --define=__MSP430F5529__ --diag_warning=225 --display_error_number --silicon_errata=CPU21 --silicon_errata=CPU22 --silicon_errata=CPU23 --silicon_errata=CPU40 --printf_support=minimal --preproc_with_compile --preproc_dependency="src/EPD_Kit_Tool/Drivers/EPD_LED.pp" --obj_directory="src/EPD_Kit_Tool/Drivers"  "../src/EPD_Kit_Tool/Drivers/EPD_LED.c"
'Finished building: ../src/EPD_Kit_Tool/Drivers/EPD_LED.c'
' '
'Building file: ../src/EPD_Kit_Tool/Drivers/Uart_Driver.c'
'Invoking: MSP430 Compiler'
"c:/ti/ccsv6/tools/compiler/msp430_4.3.5/bin/cl430" -vmspx --abi=eabi --data_model=restricted --opt_for_speed=1 --include_path="c:/ti/ccsv6/ccs_base/msp430/include" --include_path="c:/ti/ccsv6/tools/compiler/msp430_4.3.5/include" --include_path="D:/Ref.Designs/Extension board/1.44 - 2.7/Code/LaunchPad/EPD Extension Board v2.00 for MSP430 LaunchPad/EPD_Extension_Board/src/EPD_Kit_Tool/Drivers" --include_path="D:/Ref.Designs/Extension board/1.44 - 2.7/Code/LaunchPad/EPD Extension Board v2.00 for MSP430 LaunchPad/EPD_Extension_Board/src" --include_path="D:/Ref.Designs/Extension board/1.44 - 2.7/Code/LaunchPad/EPD Extension Board v2.00 for MSP430 LaunchPad/EPD_Extension_Board/src/EPD_Kit_Tool" --include_path="D:/Ref.Designs/Extension board/1.44 - 2.7/Code/LaunchPad/EPD Extension Board v2.00 for MSP430 LaunchPad/EPD_Extension_Board/src/Pervasive_Displays_small_EPD" -g --define=__MSP430F5529__ --diag_warning=225 --display_error_number --silicon_errata=CPU21 --silicon_errata=CPU22 --silicon_errata=CPU23 --silicon_errata=CPU40 --printf_support=minimal --preproc_with_compile --preproc_dependency="src/EPD_Kit_Tool/Drivers/Uart_Driver.pp" --obj_directory="src/EPD_Kit_Tool/Drivers"  "../src/EPD_Kit_Tool/Drivers/Uart_Driver.c"
'Finished building: ../src/EPD_Kit_Tool/Drivers/Uart_Driver.c'
' '
'Building target: EPD_Extension_Board.out'
'Invoking: MSP430 Linker'
"c:/ti/ccsv6/tools/compiler/msp430_4.3.5/bin/cl430" -vmspx --abi=eabi --data_model=restricted --opt_for_speed=1 -g --define=__MSP430F5529__ --diag_warning=225 --display_error_number --silicon_errata=CPU21 --silicon_errata=CPU22 --silicon_errata=CPU23 --silicon_errata=CPU40 --printf_support=minimal -z -m"EPD_Extension_Board.map" --heap_size=160 --stack_size=160 --use_hw_mpy=F5 --cinit_hold_wdt=on -i"c:/ti/ccsv6/ccs_base/msp430/include" -i"c:/ti/ccsv6/tools/compiler/msp430_4.3.5/lib" -i"c:/ti/ccsv6/tools/compiler/msp430_4.3.5/include" -i"c:/ti/ccsv6/ccs_base/msp430/lib/5xx_6xx_FRxx" --reread_libs --warn_sections --diag_suppress=10374 --xml_link_info="EPD_Extension_Board_linkInfo.xml" --rom_model -o "EPD_Extension_Board.out"  "./src/image_data.obj" "./src/main.obj" "./src/Pervasive_Displays_small_EPD/EPD_hardware_driver.obj" "./src/Pervasive_Displays_small_EPD/EPD_interface.obj" "./src/Pervasive_Displays_small_EPD/EPD_partial_interface.obj" "./src/Pervasive_Displays_small_EPD/COG_FPL/G2_Aurora_Mb/EPD_G2_Aurora_Mb.obj" "./src/Pervasive_Displays_small_EPD/COG_FPL/G2_Aurora_Ma/EPD_G2_Aurora_Ma.obj" "./src/Pervasive_Displays_small_EPD/COG_FPL/G1_Aurora_Mb/EPD_G1_Aurora_Mb.obj" "./src/EPD_Kit_Tool/Char.obj" "./src/EPD_Kit_Tool/EPD_Kit_Tool_Process.obj" "./src/EPD_Kit_Tool/Mem_Flash.obj" "./src/EPD_Kit_Tool/Uart_Controller.obj" "./src/EPD_Kit_Tool/Drivers/EPD_LED.obj" "./src/EPD_Kit_Tool/Drivers/Uart_Driver.obj" "../lnk_msp430f5529.cmd" -l"libc.a" -l"libmath.a" 
<Linking>
'Finished building target: EPD_Extension_Board.out'
' '

**** Build Finished ****

**** Build of configuration MSP430G2553 for project EPD_Extension_Board ****

"c:\\ti\\ccsv6\\utils\\bin\\gmake" all 
'Building file: ../src/image_data.c'
'Invoking: MSP430 Compiler'
"c:/ti/ccsv6/tools/compiler/ti-cgt-msp430_4.4.3/bin/cl430" -vmsp --abi=eabi -Ooff --opt_for_speed=1 --use_hw_mpy=none --include_path="c:/ti/ccsv6/ccs_base/msp430/include" --include_path="c:/ti/ccsv6/tools/compiler/ti-cgt-msp430_4.4.3/include" --include_path="D:/Ref.Designs/Extension board/1.44 - 2.7/Code/LaunchPad/EPD Extension Board v2.00 for MSP430 LaunchPad/EPD_Extension_Board/src/EPD_Kit_Tool/Drivers" --include_path="D:/Ref.Designs/Extension board/1.44 - 2.7/Code/LaunchPad/EPD Extension Board v2.00 for MSP430 LaunchPad/EPD_Extension_Board/src" --include_path="D:/Ref.Designs/Extension board/1.44 - 2.7/Code/LaunchPad/EPD Extension Board v2.00 for MSP430 LaunchPad/EPD_Extension_Board/src/EPD_Kit_Tool" --include_path="D:/Ref.Designs/Extension board/1.44 - 2.7/Code/LaunchPad/EPD Extension Board v2.00 for MSP430 LaunchPad/EPD_Extension_Board/src/Pervasive_Displays_small_EPD" -g --define=__MSP430G2553__ --diag_warning=225 --display_error_number --printf_support=minimal --preproc_with_compile --preproc_dependency="src/image_data.pp" --obj_directory="src"  "../src/image_data.c"
'Finished building: ../src/image_data.c'
' '
'Building file: ../src/main.c'
'Invoking: MSP430 Compiler'
"c:/ti/ccsv6/tools/compiler/ti-cgt-msp430_4.4.3/bin/cl430" -vmsp --abi=eabi -Ooff --opt_for_speed=1 --use_hw_mpy=none --include_path="c:/ti/ccsv6/ccs_base/msp430/include" --include_path="c:/ti/ccsv6/tools/compiler/ti-cgt-msp430_4.4.3/include" --include_path="D:/Ref.Designs/Extension board/1.44 - 2.7/Code/LaunchPad/EPD Extension Board v2.00 for MSP430 LaunchPad/EPD_Extension_Board/src/EPD_Kit_Tool/Drivers" --include_path="D:/Ref.Designs/Extension board/1.44 - 2.7/Code/LaunchPad/EPD Extension Board v2.00 for MSP430 LaunchPad/EPD_Extension_Board/src" --include_path="D:/Ref.Designs/Extension board/1.44 - 2.7/Code/LaunchPad/EPD Extension Board v2.00 for MSP430 LaunchPad/EPD_Extension_Board/src/EPD_Kit_Tool" --include_path="D:/Ref.Designs/Extension board/1.44 - 2.7/Code/LaunchPad/EPD Extension Board v2.00 for MSP430 LaunchPad/EPD_Extension_Board/src/Pervasive_Displays_small_EPD" -g --define=__MSP430G2553__ --diag_warning=225 --display_error_number --printf_support=minimal --preproc_with_compile --preproc_dependency="src/main.pp" --obj_directory="src"  "../src/main.c"
'Finished building: ../src/main.c'
' '
'Building file: ../src/Pervasive_Displays_small_EPD/EPD_hardware_driver.c'
'Invoking: MSP430 Compiler'
"c:/ti/ccsv6/tools/compiler/ti-cgt-msp430_4.4.3/bin/cl430" -vmsp --abi=eabi -Ooff --opt_for_speed=1 --use_hw_mpy=none --include_path="c:/ti/ccsv6/ccs_base/msp430/include" --include_path="c:/ti/ccsv6/tools/compiler/ti-cgt-msp430_4.4.3/include" --include_path="D:/Ref.Designs/Extension board/1.44 - 2.7/Code/LaunchPad/EPD Extension Board v2.00 for MSP430 LaunchPad/EPD_Extension_Board/src/EPD_Kit_Tool/Drivers" --include_path="D:/Ref.Designs/Extension board/1.44 - 2.7/Code/LaunchPad/EPD Extension Board v2.00 for MSP430 LaunchPad/EPD_Extension_Board/src" --include_path="D:/Ref.Designs/Extension board/1.44 - 2.7/Code/LaunchPad/EPD Extension Board v2.00 for MSP430 LaunchPad/EPD_Extension_Board/src/EPD_Kit_Tool" --include_path="D:/Ref.Designs/Extension board/1.44 - 2.7/Code/LaunchPad/EPD Extension Board v2.00 for MSP430 LaunchPad/EPD_Extension_Board/src/Pervasive_Displays_small_EPD" -g --define=__MSP430G2553__ --diag_warning=225 --display_error_number --printf_support=minimal --preproc_with_compile --preproc_dependency="src/Pervasive_Displays_small_EPD/EPD_hardware_driver.pp" --obj_directory="src/Pervasive_Displays_small_EPD"  "../src/Pervasive_Displays_small_EPD/EPD_hardware_driver.c"
'Finished building: ../src/Pervasive_Displays_small_EPD/EPD_hardware_driver.c'
' '
'Building file: ../src/Pervasive_Displays_small_EPD/EPD_interface.c'
'Invoking: MSP430 Compiler'
"c:/ti/ccsv6/tools/compiler/ti-cgt-msp430_4.4.3/bin/cl430" -vmsp --abi=eabi -Ooff --opt_for_speed=1 --use_hw_mpy=none --include_path="c:/ti/ccsv6/ccs_base/msp430/include" --include_path="c:/ti/ccsv6/tools/compiler/ti-cgt-msp430_4.4.3/include" --include_path="D:/Ref.Designs/Extension board/1.44 - 2.7/Code/LaunchPad/EPD Extension Board v2.00 for MSP430 LaunchPad/EPD_Extension_Board/src/EPD_Kit_Tool/Drivers" --include_path="D:/Ref.Designs/Extension board/1.44 - 2.7/Code/LaunchPad/EPD Extension Board v2.00 for MSP430 LaunchPad/EPD_Extension_Board/src" --include_path="D:/Ref.Designs/Extension board/1.44 - 2.7/Code/LaunchPad/EPD Extension Board v2.00 for MSP430 LaunchPad/EPD_Extension_Board/src/EPD_Kit_Tool" --include_path="D:/Ref.Designs/Extension board/1.44 - 2.7/Code/LaunchPad/EPD Extension Board v2.00 for MSP430 LaunchPad/EPD_Extension_Board/src/Pervasive_Displays_small_EPD" -g --define=__MSP430G2553__ --diag_warning=225 --display_error_number --printf_support=minimal --preproc_with_compile --preproc_dependency="src/Pervasive_Displays_small_EPD/EPD_interface.pp" --obj_directory="src/Pervasive_Displays_small_EPD"  "../src/Pervasive_Displays_small_EPD/EPD_interface.c"
'Finished building: ../src/Pervasive_Displays_small_EPD/EPD_interface.c'
' '
'Building file: ../src/Pervasive_Displays_small_EPD/EPD_partial_interface.c'
'Invoking: MSP430 Compiler'
"c:/ti/ccsv6/tools/compiler/ti-cgt-msp430_4.4.3/bin/cl430" -vmsp --abi=eabi -Ooff --opt_for_speed=1 --use_hw_mpy=none --include_path="c:/ti/ccsv6/ccs_base/msp430/include" --include_path="c:/ti/ccsv6/tools/compiler/ti-cgt-msp430_4.4.3/include" --include_path="D:/Ref.Designs/Extension board/1.44 - 2.7/Code/LaunchPad/EPD Extension Board v2.00 for MSP430 LaunchPad/EPD_Extension_Board/src/EPD_Kit_Tool/Drivers" --include_path="D:/Ref.Designs/Extension board/1.44 - 2.7/Code/LaunchPad/EPD Extension Board v2.00 for MSP430 LaunchPad/EPD_Extension_Board/src" --include_path="D:/Ref.Designs/Extension board/1.44 - 2.7/Code/LaunchPad/EPD Extension Board v2.00 for MSP430 LaunchPad/EPD_Extension_Board/src/EPD_Kit_Tool" --include_path="D:/Ref.Designs/Extension board/1.44 - 2.7/Code/LaunchPad/EPD Extension Board v2.00 for MSP430 LaunchPad/EPD_Extension_Board/src/Pervasive_Displays_small_EPD" -g --define=__MSP430G2553__ --diag_warning=225 --display_error_number --printf_support=minimal --preproc_with_compile --preproc_dependency="src/Pervasive_Displays_small_EPD/EPD_partial_interface.pp" --obj_directory="src/Pervasive_Displays_small_EPD"  "../src/Pervasive_Displays_small_EPD/EPD_partial_interface.c"
'Finished building: ../src/Pervasive_Displays_small_EPD/EPD_partial_interface.c'
' '
'Building file: ../src/Pervasive_Displays_small_EPD/COG_FPL/G2_Aurora_Mb/EPD_G2_Aurora_Mb.c'
'Invoking: MSP430 Compiler'
"c:/ti/ccsv6/tools/compiler/ti-cgt-msp430_4.4.3/bin/cl430" -vmsp --abi=eabi -Ooff --opt_for_speed=1 --use_hw_mpy=none --include_path="c:/ti/ccsv6/ccs_base/msp430/include" --include_path="c:/ti/ccsv6/tools/compiler/ti-cgt-msp430_4.4.3/include" --include_path="D:/Ref.Designs/Extension board/1.44 - 2.7/Code/LaunchPad/EPD Extension Board v2.00 for MSP430 LaunchPad/EPD_Extension_Board/src/EPD_Kit_Tool/Drivers" --include_path="D:/Ref.Designs/Extension board/1.44 - 2.7/Code/LaunchPad/EPD Extension Board v2.00 for MSP430 LaunchPad/EPD_Extension_Board/src" --include_path="D:/Ref.Designs/Extension board/1.44 - 2.7/Code/LaunchPad/EPD Extension Board v2.00 for MSP430 LaunchPad/EPD_Extension_Board/src/EPD_Kit_Tool" --include_path="D:/Ref.Designs/Extension board/1.44 - 2.7/Code/LaunchPad/EPD Extension Board v2.00 for MSP430 LaunchPad/EPD_Extension_Board/src/Pervasive_Displays_small_EPD" -g --define=__MSP430G2553__ --diag_warning=225 --display_error_number --printf_support=minimal --preproc_with_compile --preproc_dependency="src/Pervasive_Displays_small_EPD/COG_FPL/G2_Aurora_Mb/EPD_G2_Aurora_Mb.pp" --obj_directory="src/Pervasive_Displays_small_EPD/COG_FPL/G2_Aurora_Mb"  "../src/Pervasive_Displays_small_EPD/COG_FPL/G2_Aurora_Mb/EPD_G2_Aurora_Mb.c"
'Finished building: ../src/Pervasive_Displays_small_EPD/COG_FPL/G2_Aurora_Mb/EPD_G2_Aurora_Mb.c'
' '
'Building file: ../src/Pervasive_Displays_small_EPD/COG_FPL/G2_Aurora_Ma/EPD_G2_Aurora_Ma.c'
'Invoking: MSP430 Compiler'
"c:/ti/ccsv6/tools/compiler/ti-cgt-msp430_4.4.3/bin/cl430" -vmsp --abi=eabi -Ooff --opt_for_speed=1 --use_hw_mpy=none --include_path="c:/ti/ccsv6/ccs_base/msp430/include" --include_path="c:/ti/ccsv6/tools/compiler/ti-cgt-msp430_4.4.3/include" --include_path="D:/Ref.Designs/Extension board/1.44 - 2.7/Code/LaunchPad/EPD Extension Board v2.00 for MSP430 LaunchPad/EPD_Extension_Board/src/EPD_Kit_Tool/Drivers" --include_path="D:/Ref.Designs/Extension board/1.44 - 2.7/Code/LaunchPad/EPD Extension Board v2.00 for MSP430 LaunchPad/EPD_Extension_Board/src" --include_path="D:/Ref.Designs/Extension board/1.44 - 2.7/Code/LaunchPad/EPD Extension Board v2.00 for MSP430 LaunchPad/EPD_Extension_Board/src/EPD_Kit_Tool" --include_path="D:/Ref.Designs/Extension board/1.44 - 2.7/Code/LaunchPad/EPD Extension Board v2.00 for MSP430 LaunchPad/EPD_Extension_Board/src/Pervasive_Displays_small_EPD" -g --define=__MSP430G2553__ --diag_warning=225 --display_error_number --printf_support=minimal --preproc_with_compile --preproc_dependency="src/Pervasive_Displays_small_EPD/COG_FPL/G2_Aurora_Ma/EPD_G2_Aurora_Ma.pp" --obj_directory="src/Pervasive_Displays_small_EPD/COG_FPL/G2_Aurora_Ma"  "../src/Pervasive_Displays_small_EPD/COG_FPL/G2_Aurora_Ma/EPD_G2_Aurora_Ma.c"
'Finished building: ../src/Pervasive_Displays_small_EPD/COG_FPL/G2_Aurora_Ma/EPD_G2_Aurora_Ma.c'
' '
'Building file: ../src/Pervasive_Displays_small_EPD/COG_FPL/G1_Aurora_Mb/EPD_G1_Aurora_Mb.c'
'Invoking: MSP430 Compiler'
"c:/ti/ccsv6/tools/compiler/ti-cgt-msp430_4.4.3/bin/cl430" -vmsp --abi=eabi -Ooff --opt_for_speed=1 --use_hw_mpy=none --include_path="c:/ti/ccsv6/ccs_base/msp430/include" --include_path="c:/ti/ccsv6/tools/compiler/ti-cgt-msp430_4.4.3/include" --include_path="D:/Ref.Designs/Extension board/1.44 - 2.7/Code/LaunchPad/EPD Extension Board v2.00 for MSP430 LaunchPad/EPD_Extension_Board/src/EPD_Kit_Tool/Drivers" --include_path="D:/Ref.Designs/Extension board/1.44 - 2.7/Code/LaunchPad/EPD Extension Board v2.00 for MSP430 LaunchPad/EPD_Extension_Board/src" --include_path="D:/Ref.Designs/Extension board/1.44 - 2.7/Code/LaunchPad/EPD Extension Board v2.00 for MSP430 LaunchPad/EPD_Extension_Board/src/EPD_Kit_Tool" --include_path="D:/Ref.Designs/Extension board/1.44 - 2.7/Code/LaunchPad/EPD Extension Board v2.00 for MSP430 LaunchPad/EPD_Extension_Board/src/Pervasive_Displays_small_EPD" -g --define=__MSP430G2553__ --diag_warning=225 --display_error_number --printf_support=minimal --preproc_with_compile --preproc_dependency="src/Pervasive_Displays_small_EPD/COG_FPL/G1_Aurora_Mb/EPD_G1_Aurora_Mb.pp" --obj_directory="src/Pervasive_Displays_small_EPD/COG_FPL/G1_Aurora_Mb"  "../src/Pervasive_Displays_small_EPD/COG_FPL/G1_Aurora_Mb/EPD_G1_Aurora_Mb.c"
'Finished building: ../src/Pervasive_Displays_small_EPD/COG_FPL/G1_Aurora_Mb/EPD_G1_Aurora_Mb.c'
' '
'Building file: ../src/EPD_Kit_Tool/Char.c'
'Invoking: MSP430 Compiler'
"c:/ti/ccsv6/tools/compiler/ti-cgt-msp430_4.4.3/bin/cl430" -vmsp --abi=eabi -Ooff --opt_for_speed=1 --use_hw_mpy=none --include_path="c:/ti/ccsv6/ccs_base/msp430/include" --include_path="c:/ti/ccsv6/tools/compiler/ti-cgt-msp430_4.4.3/include" --include_path="D:/Ref.Designs/Extension board/1.44 - 2.7/Code/LaunchPad/EPD Extension Board v2.00 for MSP430 LaunchPad/EPD_Extension_Board/src/EPD_Kit_Tool/Drivers" --include_path="D:/Ref.Designs/Extension board/1.44 - 2.7/Code/LaunchPad/EPD Extension Board v2.00 for MSP430 LaunchPad/EPD_Extension_Board/src" --include_path="D:/Ref.Designs/Extension board/1.44 - 2.7/Code/LaunchPad/EPD Extension Board v2.00 for MSP430 LaunchPad/EPD_Extension_Board/src/EPD_Kit_Tool" --include_path="D:/Ref.Designs/Extension board/1.44 - 2.7/Code/LaunchPad/EPD Extension Board v2.00 for MSP430 LaunchPad/EPD_Extension_Board/src/Pervasive_Displays_small_EPD" -g --define=__MSP430G2553__ --diag_warning=225 --display_error_number --printf_support=minimal --preproc_with_compile --preproc_dependency="src/EPD_Kit_Tool/Char.pp" --obj_directory="src/EPD_Kit_Tool"  "../src/EPD_Kit_Tool/Char.c"
'Finished building: ../src/EPD_Kit_Tool/Char.c'
' '
'Building file: ../src/EPD_Kit_Tool/EPD_Kit_Tool_Process.c'
'Invoking: MSP430 Compiler'
"c:/ti/ccsv6/tools/compiler/ti-cgt-msp430_4.4.3/bin/cl430" -vmsp --abi=eabi -Ooff --opt_for_speed=1 --use_hw_mpy=none --include_path="c:/ti/ccsv6/ccs_base/msp430/include" --include_path="c:/ti/ccsv6/tools/compiler/ti-cgt-msp430_4.4.3/include" --include_path="D:/Ref.Designs/Extension board/1.44 - 2.7/Code/LaunchPad/EPD Extension Board v2.00 for MSP430 LaunchPad/EPD_Extension_Board/src/EPD_Kit_Tool/Drivers" --include_path="D:/Ref.Designs/Extension board/1.44 - 2.7/Code/LaunchPad/EPD Extension Board v2.00 for MSP430 LaunchPad/EPD_Extension_Board/src" --include_path="D:/Ref.Designs/Extension board/1.44 - 2.7/Code/LaunchPad/EPD Extension Board v2.00 for MSP430 LaunchPad/EPD_Extension_Board/src/EPD_Kit_Tool" --include_path="D:/Ref.Designs/Extension board/1.44 - 2.7/Code/LaunchPad/EPD Extension Board v2.00 for MSP430 LaunchPad/EPD_Extension_Board/src/Pervasive_Displays_small_EPD" -g --define=__MSP430G2553__ --diag_warning=225 --display_error_number --printf_support=minimal --preproc_with_compile --preproc_dependency="src/EPD_Kit_Tool/EPD_Kit_Tool_Process.pp" --obj_directory="src/EPD_Kit_Tool"  "../src/EPD_Kit_Tool/EPD_Kit_Tool_Process.c"
'Finished building: ../src/EPD_Kit_Tool/EPD_Kit_Tool_Process.c'
' '
'Building file: ../src/EPD_Kit_Tool/Mem_Flash.c'
'Invoking: MSP430 Compiler'
"c:/ti/ccsv6/tools/compiler/ti-cgt-msp430_4.4.3/bin/cl430" -vmsp --abi=eabi -Ooff --opt_for_speed=1 --use_hw_mpy=none --include_path="c:/ti/ccsv6/ccs_base/msp430/include" --include_path="c:/ti/ccsv6/tools/compiler/ti-cgt-msp430_4.4.3/include" --include_path="D:/Ref.Designs/Extension board/1.44 - 2.7/Code/LaunchPad/EPD Extension Board v2.00 for MSP430 LaunchPad/EPD_Extension_Board/src/EPD_Kit_Tool/Drivers" --include_path="D:/Ref.Designs/Extension board/1.44 - 2.7/Code/LaunchPad/EPD Extension Board v2.00 for MSP430 LaunchPad/EPD_Extension_Board/src" --include_path="D:/Ref.Designs/Extension board/1.44 - 2.7/Code/LaunchPad/EPD Extension Board v2.00 for MSP430 LaunchPad/EPD_Extension_Board/src/EPD_Kit_Tool" --include_path="D:/Ref.Designs/Extension board/1.44 - 2.7/Code/LaunchPad/EPD Extension Board v2.00 for MSP430 LaunchPad/EPD_Extension_Board/src/Pervasive_Displays_small_EPD" -g --define=__MSP430G2553__ --diag_warning=225 --display_error_number --printf_support=minimal --preproc_with_compile --preproc_dependency="src/EPD_Kit_Tool/Mem_Flash.pp" --obj_directory="src/EPD_Kit_Tool"  "../src/EPD_Kit_Tool/Mem_Flash.c"
'Finished building: ../src/EPD_Kit_Tool/Mem_Flash.c'
' '
'Building file: ../src/EPD_Kit_Tool/Uart_Controller.c'
'Invoking: MSP430 Compiler'
"c:/ti/ccsv6/tools/compiler/ti-cgt-msp430_4.4.3/bin/cl430" -vmsp --abi=eabi -Ooff --opt_for_speed=1 --use_hw_mpy=none --include_path="c:/ti/ccsv6/ccs_base/msp430/include" --include_path="c:/ti/ccsv6/tools/compiler/ti-cgt-msp430_4.4.3/include" --include_path="D:/Ref.Designs/Extension board/1.44 - 2.7/Code/LaunchPad/EPD Extension Board v2.00 for MSP430 LaunchPad/EPD_Extension_Board/src/EPD_Kit_Tool/Drivers" --include_path="D:/Ref.Designs/Extension board/1.44 - 2.7/Code/LaunchPad/EPD Extension Board v2.00 for MSP430 LaunchPad/EPD_Extension_Board/src" --include_path="D:/Ref.Designs/Extension board/1.44 - 2.7/Code/LaunchPad/EPD Extension Board v2.00 for MSP430 LaunchPad/EPD_Extension_Board/src/EPD_Kit_Tool" --include_path="D:/Ref.Designs/Extension board/1.44 - 2.7/Code/LaunchPad/EPD Extension Board v2.00 for MSP430 LaunchPad/EPD_Extension_Board/src/Pervasive_Displays_small_EPD" -g --define=__MSP430G2553__ --diag_warning=225 --display_error_number --printf_support=minimal --preproc_with_compile --preproc_dependency="src/EPD_Kit_Tool/Uart_Controller.pp" --obj_directory="src/EPD_Kit_Tool"  "../src/EPD_Kit_Tool/Uart_Controller.c"
'Finished building: ../src/EPD_Kit_Tool/Uart_Controller.c'
' '
'Building file: ../src/EPD_Kit_Tool/Drivers/EPD_LED.c'
'Invoking: MSP430 Compiler'
"c:/ti/ccsv6/tools/compiler/ti-cgt-msp430_4.4.3/bin/cl430" -vmsp --abi=eabi -Ooff --opt_for_speed=1 --use_hw_mpy=none --include_path="c:/ti/ccsv6/ccs_base/msp430/include" --include_path="c:/ti/ccsv6/tools/compiler/ti-cgt-msp430_4.4.3/include" --include_path="D:/Ref.Designs/Extension board/1.44 - 2.7/Code/LaunchPad/EPD Extension Board v2.00 for MSP430 LaunchPad/EPD_Extension_Board/src/EPD_Kit_Tool/Drivers" --include_path="D:/Ref.Designs/Extension board/1.44 - 2.7/Code/LaunchPad/EPD Extension Board v2.00 for MSP430 LaunchPad/EPD_Extension_Board/src" --include_path="D:/Ref.Designs/Extension board/1.44 - 2.7/Code/LaunchPad/EPD Extension Board v2.00 for MSP430 LaunchPad/EPD_Extension_Board/src/EPD_Kit_Tool" --include_path="D:/Ref.Designs/Extension board/1.44 - 2.7/Code/LaunchPad/EPD Extension Board v2.00 for MSP430 LaunchPad/EPD_Extension_Board/src/Pervasive_Displays_small_EPD" -g --define=__MSP430G2553__ --diag_warning=225 --display_error_number --printf_support=minimal --preproc_with_compile --preproc_dependency="src/EPD_Kit_Tool/Drivers/EPD_LED.pp" --obj_directory="src/EPD_Kit_Tool/Drivers"  "../src/EPD_Kit_Tool/Drivers/EPD_LED.c"
'Finished building: ../src/EPD_Kit_Tool/Drivers/EPD_LED.c'
' '
'Building file: ../src/EPD_Kit_Tool/Drivers/Uart_Driver.c'
'Invoking: MSP430 Compiler'
"c:/ti/ccsv6/tools/compiler/ti-cgt-msp430_4.4.3/bin/cl430" -vmsp --abi=eabi -Ooff --opt_for_speed=1 --use_hw_mpy=none --include_path="c:/ti/ccsv6/ccs_base/msp430/include" --include_path="c:/ti/ccsv6/tools/compiler/ti-cgt-msp430_4.4.3/include" --include_path="D:/Ref.Designs/Extension board/1.44 - 2.7/Code/LaunchPad/EPD Extension Board v2.00 for MSP430 LaunchPad/EPD_Extension_Board/src/EPD_Kit_Tool/Drivers" --include_path="D:/Ref.Designs/Extension board/1.44 - 2.7/Code/LaunchPad/EPD Extension Board v2.00 for MSP430 LaunchPad/EPD_Extension_Board/src" --include_path="D:/Ref.Designs/Extension board/1.44 - 2.7/Code/LaunchPad/EPD Extension Board v2.00 for MSP430 LaunchPad/EPD_Extension_Board/src/EPD_Kit_Tool" --include_path="D:/Ref.Designs/Extension board/1.44 - 2.7/Code/LaunchPad/EPD Extension Board v2.00 for MSP430 LaunchPad/EPD_Extension_Board/src/Pervasive_Displays_small_EPD" -g --define=__MSP430G2553__ --diag_warning=225 --display_error_number --printf_support=minimal --preproc_with_compile --preproc_dependency="src/EPD_Kit_Tool/Drivers/Uart_Driver.pp" --obj_directory="src/EPD_Kit_Tool/Drivers"  "../src/EPD_Kit_Tool/Drivers/Uart_Driver.c"
'Finished building: ../src/EPD_Kit_Tool/Drivers/Uart_Driver.c'
' '
'Building target: EPD_Extension_Board.out'
'Invoking: MSP430 Linker'
"c:/ti/ccsv6/tools/compiler/ti-cgt-msp430_4.4.3/bin/cl430" -vmsp --abi=eabi -Ooff --opt_for_speed=1 --use_hw_mpy=none -g --define=__MSP430G2553__ --diag_warning=225 --display_error_number --printf_support=minimal -z -m"EPD_Extension_Board.map" --heap_size=80 --stack_size=80 -i"c:/ti/ccsv6/ccs_base/msp430/include" -i"c:/ti/ccsv6/tools/compiler/ti-cgt-msp430_4.4.3/lib" -i"c:/ti/ccsv6/tools/compiler/ti-cgt-msp430_4.4.3/include" --reread_libs --warn_sections --diag_suppress=10374 --xml_link_info="EPD_Extension_Board_linkInfo.xml" --use_hw_mpy=none --rom_model -o "EPD_Extension_Board.out"  "./src/image_data.obj" "./src/main.obj" "./src/Pervasive_Displays_small_EPD/EPD_hardware_driver.obj" "./src/Pervasive_Displays_small_EPD/EPD_interface.obj" "./src/Pervasive_Displays_small_EPD/EPD_partial_interface.obj" "./src/Pervasive_Displays_small_EPD/COG_FPL/G2_Aurora_Mb/EPD_G2_Aurora_Mb.obj" "./src/Pervasive_Displays_small_EPD/COG_FPL/G2_Aurora_Ma/EPD_G2_Aurora_Ma.obj" "./src/Pervasive_Displays_small_EPD/COG_FPL/G1_Aurora_Mb/EPD_G1_Aurora_Mb.obj" "./src/EPD_Kit_Tool/Char.obj" "./src/EPD_Kit_Tool/EPD_Kit_Tool_Process.obj" "./src/EPD_Kit_Tool/Mem_Flash.obj" "./src/EPD_Kit_Tool/Uart_Controller.obj" "./src/EPD_Kit_Tool/Drivers/EPD_LED.obj" "./src/EPD_Kit_Tool/Drivers/Uart_Driver.obj" "../lnk_msp430g2553.cmd" -l"libc.a" 
<Linking>
'Finished building target: EPD_Extension_Board.out'
' '

**** Build Finished ****

**** Build of configuration MSP430G2553 for project EPD_Extension_Board ****

"c:\\ti\\ccsv6\\utils\\bin\\gmake" all 
gmake: Nothing to be done for `all'.

**** Build Finished ****

**** Build of configuration MSP430F5529 for project EPD_Extension_Board ****

"c:\\ti\\ccsv6\\utils\\bin\\gmake" all 
gmake: Nothing to be done for `all'.

**** Build Finished ****
