
**** Build of configuration Debug for project TIRTOStest ****

/home/vagrant/ti/ccsv6/utils/bin/gmake -k all 
making ../src/sysbios/sysbios.ae430X ...
gmake[1]: Entering directory `/home/vagrant/dory-firmware/TIRTOStest/src/sysbios'
gmake[1]: Nothing to be done for `all'.
gmake[1]: Leaving directory `/home/vagrant/dory-firmware/TIRTOStest/src/sysbios'
Building file: ../doryI2C.c
Invoking: MSP430 Compiler
"/home/vagrant/ti/ccsv6/tools/compiler/ti-cgt-msp430_4.4.3/bin/cl430" -vmspx --abi=eabi --data_model=restricted --use_hw_mpy=F5 --include_path="/home/vagrant/ti/ccsv6/ccs_base/msp430/include" --include_path="/home/vagrant/ti/ccsv6/tools/compiler/ti-cgt-msp430_4.4.3/include" --include_path="/home/vagrant/ti/tirtos_msp43x_2_12_00_24/products/MSPWare_2_00_00_40a/driverlib/MSP430F5xx_6xx" --advice:power=all -g --define=__MSP430F5529__ --define=MSP430WARE --define=ccs --diag_warning=225 --display_error_number --diag_wrap=off --silicon_errata=CPU21 --silicon_errata=CPU22 --silicon_errata=CPU23 --silicon_errata=CPU40 --printf_support=minimal --preproc_with_compile --preproc_dependency="doryI2C.pp" --cmd_file="./configPkg/compiler.opt"  "../doryI2C.c"
Finished building: ../doryI2C.c
 
Building target: TIRTOStest.out
Invoking: MSP430 Linker
"/home/vagrant/ti/ccsv6/tools/compiler/ti-cgt-msp430_4.4.3/bin/cl430" -vmspx --abi=eabi --data_model=restricted --use_hw_mpy=F5 --advice:power=all -g --define=__MSP430F5529__ --define=MSP430WARE --define=ccs --diag_warning=225 --display_error_number --diag_wrap=off --silicon_errata=CPU21 --silicon_errata=CPU22 --silicon_errata=CPU23 --silicon_errata=CPU40 --printf_support=minimal -z -m"TIRTOStest.map" --heap_size=160 --stack_size=160 --cinit_hold_wdt=on -i"/home/vagrant/ti/ccsv6/ccs_base/msp430/include" -i"/home/vagrant/ti/ccsv6/tools/compiler/ti-cgt-msp430_4.4.3/lib" -i"/home/vagrant/ti/ccsv6/tools/compiler/ti-cgt-msp430_4.4.3/include" -i"/home/vagrant/ti/ccsv6/ccs_base/msp430/lib/5xx_6xx_FRxx" --reread_libs --warn_sections --display_error_number --diag_wrap=off --xml_link_info="TIRTOStest_linkInfo.xml" --use_hw_mpy=F5 --rom_model -o "TIRTOStest.out" "./MSP_EXP430F5529LP.obj" "./doryI2C.obj" "./empty_min.obj" "../MSP_EXP430F5529LP.cmd" -l"./configPkg/linker.cmd"  -l"libmath.a" -l"libc.a" -l"/home/vagrant/ti/tirtos_msp43x_2_12_00_24/products/MSPWare_2_00_00_40a/driverlib/ccs-MSP430F5529/ccs-MSP430F5529.lib" 
<Linking>
remark #10371-D: (ULP 1.1) Detected no uses of low power mode state changing instructions
remark #10372-D: (ULP 4.1) Detected uninitialized Port A in this project. Recommend initializing all unused ports to eliminate wasted current consumption on unused pins.
remark #10372-D: (ULP 4.1) Detected uninitialized Port B in this project. Recommend initializing all unused ports to eliminate wasted current consumption on unused pins.
remark #10372-D: (ULP 4.1) Detected uninitialized Port C in this project. Recommend initializing all unused ports to eliminate wasted current consumption on unused pins.
remark #10372-D: (ULP 4.1) Detected uninitialized Port D in this project. Recommend initializing all unused ports to eliminate wasted current consumption on unused pins.
Finished building target: TIRTOStest.out
 

**** Build Finished ****

**** Build of configuration Debug for project TIRTOStest ****

/home/vagrant/ti/ccsv6/utils/bin/gmake -k all 
making ../src/sysbios/sysbios.ae430X ...
gmake[1]: Entering directory `/home/vagrant/dory-firmware/TIRTOStest/src/sysbios'
gmake[1]: Nothing to be done for `all'.
gmake[1]: Leaving directory `/home/vagrant/dory-firmware/TIRTOStest/src/sysbios'

**** Build Finished ****

**** Build of configuration Debug for project TIRTOStest ****

/home/vagrant/ti/ccsv6/utils/bin/gmake -k all 
making ../src/sysbios/sysbios.ae430X ...
gmake[1]: Entering directory `/home/vagrant/dory-firmware/TIRTOStest/src/sysbios'
gmake[1]: Nothing to be done for `all'.
gmake[1]: Leaving directory `/home/vagrant/dory-firmware/TIRTOStest/src/sysbios'
Building file: ../doryI2C.c
Invoking: MSP430 Compiler
"/home/vagrant/ti/ccsv6/tools/compiler/ti-cgt-msp430_4.4.3/bin/cl430" -vmspx --abi=eabi --data_model=restricted --use_hw_mpy=F5 --include_path="/home/vagrant/ti/ccsv6/ccs_base/msp430/include" --include_path="/home/vagrant/ti/ccsv6/tools/compiler/ti-cgt-msp430_4.4.3/include" --include_path="/home/vagrant/ti/tirtos_msp43x_2_12_00_24/products/MSPWare_2_00_00_40a/driverlib/MSP430F5xx_6xx" --advice:power=all -g --define=__MSP430F5529__ --define=MSP430WARE --define=ccs --diag_warning=225 --display_error_number --diag_wrap=off --silicon_errata=CPU21 --silicon_errata=CPU22 --silicon_errata=CPU23 --silicon_errata=CPU40 --printf_support=minimal --preproc_with_compile --preproc_dependency="doryI2C.pp" --cmd_file="./configPkg/compiler.opt"  "../doryI2C.c"
Finished building: ../doryI2C.c
 
Building file: ../empty_min.c
Invoking: MSP430 Compiler
"/home/vagrant/ti/ccsv6/tools/compiler/ti-cgt-msp430_4.4.3/bin/cl430" -vmspx --abi=eabi --data_model=restricted --use_hw_mpy=F5 --include_path="/home/vagrant/ti/ccsv6/ccs_base/msp430/include" --include_path="/home/vagrant/ti/ccsv6/tools/compiler/ti-cgt-msp430_4.4.3/include" --include_path="/home/vagrant/ti/tirtos_msp43x_2_12_00_24/products/MSPWare_2_00_00_40a/driverlib/MSP430F5xx_6xx" --advice:power=all -g --define=__MSP430F5529__ --define=MSP430WARE --define=ccs --diag_warning=225 --display_error_number --diag_wrap=off --silicon_errata=CPU21 --silicon_errata=CPU22 --silicon_errata=CPU23 --silicon_errata=CPU40 --printf_support=minimal --preproc_with_compile --preproc_dependency="empty_min.pp" --cmd_file="./configPkg/compiler.opt"  "../empty_min.c"
Finished building: ../empty_min.c
 
Building target: TIRTOStest.out
Invoking: MSP430 Linker
"/home/vagrant/ti/ccsv6/tools/compiler/ti-cgt-msp430_4.4.3/bin/cl430" -vmspx --abi=eabi --data_model=restricted --use_hw_mpy=F5 --advice:power=all -g --define=__MSP430F5529__ --define=MSP430WARE --define=ccs --diag_warning=225 --display_error_number --diag_wrap=off --silicon_errata=CPU21 --silicon_errata=CPU22 --silicon_errata=CPU23 --silicon_errata=CPU40 --printf_support=minimal -z -m"TIRTOStest.map" --heap_size=160 --stack_size=160 --cinit_hold_wdt=on -i"/home/vagrant/ti/ccsv6/ccs_base/msp430/include" -i"/home/vagrant/ti/ccsv6/tools/compiler/ti-cgt-msp430_4.4.3/lib" -i"/home/vagrant/ti/ccsv6/tools/compiler/ti-cgt-msp430_4.4.3/include" -i"/home/vagrant/ti/ccsv6/ccs_base/msp430/lib/5xx_6xx_FRxx" --reread_libs --warn_sections --display_error_number --diag_wrap=off --xml_link_info="TIRTOStest_linkInfo.xml" --use_hw_mpy=F5 --rom_model -o "TIRTOStest.out" "./MSP_EXP430F5529LP.obj" "./doryI2C.obj" "./empty_min.obj" "../MSP_EXP430F5529LP.cmd" -l"./configPkg/linker.cmd"  -l"libmath.a" -l"libc.a" -l"/home/vagrant/ti/tirtos_msp43x_2_12_00_24/products/MSPWare_2_00_00_40a/driverlib/ccs-MSP430F5529/ccs-MSP430F5529.lib" 
<Linking>
remark #10371-D: (ULP 1.1) Detected no uses of low power mode state changing instructions
remark #10372-D: (ULP 4.1) Detected uninitialized Port A in this project. Recommend initializing all unused ports to eliminate wasted current consumption on unused pins.
remark #10372-D: (ULP 4.1) Detected uninitialized Port B in this project. Recommend initializing all unused ports to eliminate wasted current consumption on unused pins.
remark #10372-D: (ULP 4.1) Detected uninitialized Port C in this project. Recommend initializing all unused ports to eliminate wasted current consumption on unused pins.
remark #10372-D: (ULP 4.1) Detected uninitialized Port D in this project. Recommend initializing all unused ports to eliminate wasted current consumption on unused pins.
Finished building target: TIRTOStest.out
 

**** Build Finished ****

**** Build of configuration Debug for project TIRTOStest ****

/home/vagrant/ti/ccsv6/utils/bin/gmake -k all 
making ../src/sysbios/sysbios.ae430X ...
gmake[1]: Entering directory `/home/vagrant/dory-firmware/TIRTOStest/src/sysbios'
gmake[1]: Nothing to be done for `all'.
gmake[1]: Leaving directory `/home/vagrant/dory-firmware/TIRTOStest/src/sysbios'

**** Build Finished ****

**** Build of configuration Debug for project TIRTOStest ****

/home/vagrant/ti/ccsv6/utils/bin/gmake -k all 
making ../src/sysbios/sysbios.ae430X ...
gmake[1]: Entering directory `/home/vagrant/dory-firmware/TIRTOStest/src/sysbios'
gmake[1]: Nothing to be done for `all'.
gmake[1]: Leaving directory `/home/vagrant/dory-firmware/TIRTOStest/src/sysbios'
Building file: ../doryI2C.c
Invoking: MSP430 Compiler
"/home/vagrant/ti/ccsv6/tools/compiler/ti-cgt-msp430_4.4.3/bin/cl430" -vmspx --abi=eabi --data_model=restricted --use_hw_mpy=F5 --include_path="/home/vagrant/ti/ccsv6/ccs_base/msp430/include" --include_path="/home/vagrant/ti/ccsv6/tools/compiler/ti-cgt-msp430_4.4.3/include" --include_path="/home/vagrant/ti/tirtos_msp43x_2_12_00_24/products/MSPWare_2_00_00_40a/driverlib/MSP430F5xx_6xx" --advice:power=all -g --define=__MSP430F5529__ --define=MSP430WARE --define=ccs --diag_warning=225 --display_error_number --diag_wrap=off --silicon_errata=CPU21 --silicon_errata=CPU22 --silicon_errata=CPU23 --silicon_errata=CPU40 --printf_support=minimal --preproc_with_compile --preproc_dependency="doryI2C.pp" --cmd_file="./configPkg/compiler.opt"  "../doryI2C.c"
Finished building: ../doryI2C.c
 
Building file: ../empty_min.c
Invoking: MSP430 Compiler
"/home/vagrant/ti/ccsv6/tools/compiler/ti-cgt-msp430_4.4.3/bin/cl430" -vmspx --abi=eabi --data_model=restricted --use_hw_mpy=F5 --include_path="/home/vagrant/ti/ccsv6/ccs_base/msp430/include" --include_path="/home/vagrant/ti/ccsv6/tools/compiler/ti-cgt-msp430_4.4.3/include" --include_path="/home/vagrant/ti/tirtos_msp43x_2_12_00_24/products/MSPWare_2_00_00_40a/driverlib/MSP430F5xx_6xx" --advice:power=all -g --define=__MSP430F5529__ --define=MSP430WARE --define=ccs --diag_warning=225 --display_error_number --diag_wrap=off --silicon_errata=CPU21 --silicon_errata=CPU22 --silicon_errata=CPU23 --silicon_errata=CPU40 --printf_support=minimal --preproc_with_compile --preproc_dependency="empty_min.pp" --cmd_file="./configPkg/compiler.opt"  "../empty_min.c"
Finished building: ../empty_min.c
 
Building target: TIRTOStest.out
Invoking: MSP430 Linker
"/home/vagrant/ti/ccsv6/tools/compiler/ti-cgt-msp430_4.4.3/bin/cl430" -vmspx --abi=eabi --data_model=restricted --use_hw_mpy=F5 --advice:power=all -g --define=__MSP430F5529__ --define=MSP430WARE --define=ccs --diag_warning=225 --display_error_number --diag_wrap=off --silicon_errata=CPU21 --silicon_errata=CPU22 --silicon_errata=CPU23 --silicon_errata=CPU40 --printf_support=minimal -z -m"TIRTOStest.map" --heap_size=160 --stack_size=160 --cinit_hold_wdt=on -i"/home/vagrant/ti/ccsv6/ccs_base/msp430/include" -i"/home/vagrant/ti/ccsv6/tools/compiler/ti-cgt-msp430_4.4.3/lib" -i"/home/vagrant/ti/ccsv6/tools/compiler/ti-cgt-msp430_4.4.3/include" -i"/home/vagrant/ti/ccsv6/ccs_base/msp430/lib/5xx_6xx_FRxx" --reread_libs --warn_sections --display_error_number --diag_wrap=off --xml_link_info="TIRTOStest_linkInfo.xml" --use_hw_mpy=F5 --rom_model -o "TIRTOStest.out" "./MSP_EXP430F5529LP.obj" "./doryI2C.obj" "./empty_min.obj" "../MSP_EXP430F5529LP.cmd" -l"./configPkg/linker.cmd"  -l"libmath.a" -l"libc.a" -l"/home/vagrant/ti/tirtos_msp43x_2_12_00_24/products/MSPWare_2_00_00_40a/driverlib/ccs-MSP430F5529/ccs-MSP430F5529.lib" 
<Linking>
remark #10371-D: (ULP 1.1) Detected no uses of low power mode state changing instructions
remark #10372-D: (ULP 4.1) Detected uninitialized Port A in this project. Recommend initializing all unused ports to eliminate wasted current consumption on unused pins.
remark #10372-D: (ULP 4.1) Detected uninitialized Port B in this project. Recommend initializing all unused ports to eliminate wasted current consumption on unused pins.
remark #10372-D: (ULP 4.1) Detected uninitialized Port C in this project. Recommend initializing all unused ports to eliminate wasted current consumption on unused pins.
remark #10372-D: (ULP 4.1) Detected uninitialized Port D in this project. Recommend initializing all unused ports to eliminate wasted current consumption on unused pins.
Finished building target: TIRTOStest.out
 

**** Build Finished ****

**** Build of configuration Debug for project TIRTOStest ****

/home/vagrant/ti/ccsv6/utils/bin/gmake -k all 
making ../src/sysbios/sysbios.ae430X ...
gmake[1]: Entering directory `/home/vagrant/dory-firmware/TIRTOStest/src/sysbios'
gmake[1]: Nothing to be done for `all'.
gmake[1]: Leaving directory `/home/vagrant/dory-firmware/TIRTOStest/src/sysbios'

**** Build Finished ****

**** Build of configuration Debug for project TIRTOStest ****

/home/vagrant/ti/ccsv6/utils/bin/gmake -k all 
making ../src/sysbios/sysbios.ae430X ...
gmake[1]: Entering directory `/home/vagrant/dory-firmware/TIRTOStest/src/sysbios'
gmake[1]: Nothing to be done for `all'.
gmake[1]: Leaving directory `/home/vagrant/dory-firmware/TIRTOStest/src/sysbios'
Building file: ../doryI2C.c
Invoking: MSP430 Compiler
"/home/vagrant/ti/ccsv6/tools/compiler/ti-cgt-msp430_4.4.3/bin/cl430" -vmspx --abi=eabi --data_model=restricted --use_hw_mpy=F5 --include_path="/home/vagrant/ti/ccsv6/ccs_base/msp430/include" --include_path="/home/vagrant/ti/ccsv6/tools/compiler/ti-cgt-msp430_4.4.3/include" --include_path="/home/vagrant/ti/tirtos_msp43x_2_12_00_24/products/MSPWare_2_00_00_40a/driverlib/MSP430F5xx_6xx" --advice:power=all -g --define=__MSP430F5529__ --define=MSP430WARE --define=ccs --diag_warning=225 --display_error_number --diag_wrap=off --silicon_errata=CPU21 --silicon_errata=CPU22 --silicon_errata=CPU23 --silicon_errata=CPU40 --printf_support=minimal --preproc_with_compile --preproc_dependency="doryI2C.pp" --cmd_file="./configPkg/compiler.opt"  "../doryI2C.c"
"../doryI2C.c", line 19: warning #225-D: function "Board_initI2C" declared implicitly
Finished building: ../doryI2C.c
 
Building target: TIRTOStest.out
Invoking: MSP430 Linker
"/home/vagrant/ti/ccsv6/tools/compiler/ti-cgt-msp430_4.4.3/bin/cl430" -vmspx --abi=eabi --data_model=restricted --use_hw_mpy=F5 --advice:power=all -g --define=__MSP430F5529__ --define=MSP430WARE --define=ccs --diag_warning=225 --display_error_number --diag_wrap=off --silicon_errata=CPU21 --silicon_errata=CPU22 --silicon_errata=CPU23 --silicon_errata=CPU40 --printf_support=minimal -z -m"TIRTOStest.map" --heap_size=160 --stack_size=160 --cinit_hold_wdt=on -i"/home/vagrant/ti/ccsv6/ccs_base/msp430/include" -i"/home/vagrant/ti/ccsv6/tools/compiler/ti-cgt-msp430_4.4.3/lib" -i"/home/vagrant/ti/ccsv6/tools/compiler/ti-cgt-msp430_4.4.3/include" -i"/home/vagrant/ti/ccsv6/ccs_base/msp430/lib/5xx_6xx_FRxx" --reread_libs --warn_sections --display_error_number --diag_wrap=off --xml_link_info="TIRTOStest_linkInfo.xml" --use_hw_mpy=F5 --rom_model -o "TIRTOStest.out" "./MSP_EXP430F5529LP.obj" "./doryI2C.obj" "./empty_min.obj" "../MSP_EXP430F5529LP.cmd" -l"./configPkg/linker.cmd"  -l"libmath.a" -l"libc.a" -l"/home/vagrant/ti/tirtos_msp43x_2_12_00_24/products/MSPWare_2_00_00_40a/driverlib/ccs-MSP430F5529/ccs-MSP430F5529.lib" 
<Linking>

 undefined     first referenced
  symbol           in file     
 ---------     ----------------
 Board_initI2C ./doryI2C.obj   

error #10234-D: unresolved symbols remain
error #10010: errors encountered during linking; "TIRTOStest.out" not built
remark #10371-D: (ULP 1.1) Detected no uses of low power mode state changing instructions
remark #10372-D: (ULP 4.1) Detected uninitialized Port A in this project. Recommend initializing all unused ports to eliminate wasted current consumption on unused pins.
remark #10372-D: (ULP 4.1) Detected uninitialized Port B in this project. Recommend initializing all unused ports to eliminate wasted current consumption on unused pins.
remark #10372-D: (ULP 4.1) Detected uninitialized Port C in this project. Recommend initializing all unused ports to eliminate wasted current consumption on unused pins.
remark #10372-D: (ULP 4.1) Detected uninitialized Port D in this project. Recommend initializing all unused ports to eliminate wasted current consumption on unused pins.

>> Compilation failure
gmake: *** [TIRTOStest.out] Error 1
gmake: Target `all' not remade because of errors.

**** Build Finished ****

**** Build of configuration Debug for project TIRTOStest ****

/home/vagrant/ti/ccsv6/utils/bin/gmake -k all 
making ../src/sysbios/sysbios.ae430X ...
gmake[1]: Entering directory `/home/vagrant/dory-firmware/TIRTOStest/src/sysbios'
gmake[1]: Nothing to be done for `all'.
gmake[1]: Leaving directory `/home/vagrant/dory-firmware/TIRTOStest/src/sysbios'
Building file: ../doryI2C.c
Invoking: MSP430 Compiler
"/home/vagrant/ti/ccsv6/tools/compiler/ti-cgt-msp430_4.4.3/bin/cl430" -vmspx --abi=eabi --data_model=restricted --use_hw_mpy=F5 --include_path="/home/vagrant/ti/ccsv6/ccs_base/msp430/include" --include_path="/home/vagrant/ti/ccsv6/tools/compiler/ti-cgt-msp430_4.4.3/include" --include_path="/home/vagrant/ti/tirtos_msp43x_2_12_00_24/products/MSPWare_2_00_00_40a/driverlib/MSP430F5xx_6xx" --advice:power=all -g --define=__MSP430F5529__ --define=MSP430WARE --define=ccs --diag_warning=225 --display_error_number --diag_wrap=off --silicon_errata=CPU21 --silicon_errata=CPU22 --silicon_errata=CPU23 --silicon_errata=CPU40 --printf_support=minimal --preproc_with_compile --preproc_dependency="doryI2C.pp" --cmd_file="./configPkg/compiler.opt"  "../doryI2C.c"
Finished building: ../doryI2C.c
 
Building target: TIRTOStest.out
Invoking: MSP430 Linker
"/home/vagrant/ti/ccsv6/tools/compiler/ti-cgt-msp430_4.4.3/bin/cl430" -vmspx --abi=eabi --data_model=restricted --use_hw_mpy=F5 --advice:power=all -g --define=__MSP430F5529__ --define=MSP430WARE --define=ccs --diag_warning=225 --display_error_number --diag_wrap=off --silicon_errata=CPU21 --silicon_errata=CPU22 --silicon_errata=CPU23 --silicon_errata=CPU40 --printf_support=minimal -z -m"TIRTOStest.map" --heap_size=160 --stack_size=160 --cinit_hold_wdt=on -i"/home/vagrant/ti/ccsv6/ccs_base/msp430/include" -i"/home/vagrant/ti/ccsv6/tools/compiler/ti-cgt-msp430_4.4.3/lib" -i"/home/vagrant/ti/ccsv6/tools/compiler/ti-cgt-msp430_4.4.3/include" -i"/home/vagrant/ti/ccsv6/ccs_base/msp430/lib/5xx_6xx_FRxx" --reread_libs --warn_sections --display_error_number --diag_wrap=off --xml_link_info="TIRTOStest_linkInfo.xml" --use_hw_mpy=F5 --rom_model -o "TIRTOStest.out" "./MSP_EXP430F5529LP.obj" "./doryI2C.obj" "./empty_min.obj" "../MSP_EXP430F5529LP.cmd" -l"./configPkg/linker.cmd"  -l"libmath.a" -l"libc.a" -l"/home/vagrant/ti/tirtos_msp43x_2_12_00_24/products/MSPWare_2_00_00_40a/driverlib/ccs-MSP430F5529/ccs-MSP430F5529.lib" 
<Linking>
remark #10371-D: (ULP 1.1) Detected no uses of low power mode state changing instructions
remark #10372-D: (ULP 4.1) Detected uninitialized Port A in this project. Recommend initializing all unused ports to eliminate wasted current consumption on unused pins.
remark #10372-D: (ULP 4.1) Detected uninitialized Port B in this project. Recommend initializing all unused ports to eliminate wasted current consumption on unused pins.
remark #10372-D: (ULP 4.1) Detected uninitialized Port C in this project. Recommend initializing all unused ports to eliminate wasted current consumption on unused pins.
remark #10372-D: (ULP 4.1) Detected uninitialized Port D in this project. Recommend initializing all unused ports to eliminate wasted current consumption on unused pins.
Finished building target: TIRTOStest.out
 

**** Build Finished ****
